0,1.#INF,1.#INF,1.#INF,1.#INF,
0.1,1.#INF,1.#INF,1.#INF,1.#INF,
0.2,1.#INF,1.#INF,1.#INF,1.#INF,
0.3,1.#INF,1.#INF,1.#INF,1.#INF,
0.4,1.#INF,1.#INF,1.#INF,1.#INF,
0.5,1.#INF,1.#INF,1.#INF,1.#INF,
0.6,1.#INF,1.#INF,1.#INF,1.#INF,
0.7,1.#INF,1.#INF,1.#INF,1.#INF,
0.8,1.#INF,1.#INF,1.#INF,1.#INF,
0.9,1.#INF,1.#INF,1.#INF,1.#INF,
1,1.#INF,1.#INF,1.#INF,1.#INF,
1.1,1.#INF,1.#INF,1.#INF,1.#INF,
1.2,1.#INF,1.#INF,1.#INF,1.#INF,
1.3,1.#INF,1.#INF,1.#INF,1.#INF,
1.4,1.#INF,1.#INF,1.#INF,1.#INF,
1.5,1.#INF,1.#INF,1.#INF,1.#INF,
1.6,1.#INF,1.#INF,1.#INF,1.#INF,
1.7,1.#INF,1.#INF,1.#INF,1.#INF,
1.8,1.#INF,1.#INF,1.#INF,1.#INF,
1.9,1.#INF,1.#INF,1.#INF,1.#INF,
2,1.#INF,1.#INF,1.#INF,1.#INF,
2.1,1.#INF,1.#INF,1.#INF,1.#INF,
2.2,1.#INF,1.#INF,1.#INF,1.#INF,
2.3,1.#INF,1.#INF,1.#INF,1.#INF,
2.4,1.#INF,1.#INF,1.#INF,1.#INF,
2.5,1.#INF,1.#INF,1.#INF,1.#INF,
2.6,1.#INF,1.#INF,1.#INF,1.#INF,
2.7,1.#INF,1.#INF,1.#INF,1.#INF,
2.8,1.#INF,1.#INF,1.#INF,1.#INF,
2.9,1.#INF,1.#INF,1.#INF,1.#INF,
3,1.#INF,1.#INF,1.#INF,1.#INF,
3.1,1.#INF,1.#INF,1.#INF,1.#INF,
3.2,1.#INF,1.#INF,1.#INF,1.#INF,
3.3,1.#INF,1.#INF,1.#INF,1.#INF,
3.4,1.#INF,1.#INF,1.#INF,1.#INF,
3.5,1.#INF,1.#INF,1.#INF,1.#INF,
3.6,1.#INF,1.#INF,1.#INF,1.#INF,
3.7,1.#INF,1.#INF,1.#INF,1.#INF,
3.8,1.#INF,1.#INF,1.#INF,1.#INF,
3.9,1.#INF,1.#INF,1.#INF,1.#INF,
4,1.#INF,1.#INF,1.#INF,1.#INF,
4.1,1.#INF,1.#INF,1.#INF,1.#INF,
4.2,1.#INF,1.#INF,1.#INF,1.#INF,
4.3,1.#INF,1.#INF,1.#INF,1.#INF,
4.4,1.#INF,1.#INF,1.#INF,1.#INF,
4.5,1.#INF,1.#INF,1.#INF,1.#INF,
4.6,1.#INF,1.#INF,1.#INF,1.#INF,
4.7,1.#INF,1.#INF,1.#INF,1.#INF,
4.8,1.#INF,1.#INF,1.#INF,1.#INF,
4.9,1.#INF,1.#INF,1.#INF,1.#INF,
5,1.#INF,1.#INF,1.#INF,1.#INF,
5.1,1.#INF,1.#INF,1.#INF,1.#INF,
5.2,1.#INF,1.#INF,1.#INF,1.#INF,
5.3,1.#INF,1.#INF,1.#INF,1.#INF,
5.4,1.#INF,1.#INF,1.#INF,1.#INF,
5.5,1.#INF,1.#INF,1.#INF,1.#INF,
5.6,1.#INF,1.#INF,1.#INF,1.#INF,
5.7,1.#INF,1.#INF,1.#INF,1.#INF,
5.8,1.#INF,1.#INF,1.#INF,1.#INF,
5.9,1.#INF,1.#INF,1.#INF,1.#INF,
6,1.#INF,1.#INF,1.#INF,1.#INF,
6.1,1.#INF,1.#INF,1.#INF,1.#INF,
6.2,1.#INF,1.#INF,1.#INF,1.#INF,
6.3,1.#INF,1.#INF,1.#INF,1.#INF,
6.4,1.#INF,1.#INF,1.#INF,1.#INF,
6.5,1.#INF,1.#INF,1.#INF,1.#INF,
6.6,1.#INF,1.#INF,1.#INF,1.#INF,
6.7,1.#INF,1.#INF,1.#INF,1.#INF,
6.8,1.#INF,1.#INF,1.#INF,1.#INF,
6.9,1.#INF,1.#INF,1.#INF,1.#INF,
7,1.#INF,1.#INF,1.#INF,1.#INF,
7.1,1.#INF,1.#INF,1.#INF,1.#INF,
7.2,1.#INF,1.#INF,1.#INF,1.#INF,
7.3,1.#INF,1.#INF,1.#INF,1.#INF,
7.4,1.#INF,1.#INF,1.#INF,1.#INF,
7.5,1.#INF,1.#INF,1.#INF,1.#INF,
7.6,1.#INF,1.#INF,1.#INF,1.#INF,
7.7,1.#INF,1.#INF,1.#INF,1.#INF,
7.8,1.#INF,1.#INF,1.#INF,1.#INF,
7.9,1.#INF,1.#INF,1.#INF,1.#INF,
8,1.#INF,1.#INF,1.#INF,1.#INF,
8.1,1.#INF,1.#INF,1.#INF,1.#INF,
8.2,1.#INF,1.#INF,1.#INF,1.#INF,
8.3,1.#INF,1.#INF,1.#INF,1.#INF,
8.4,1.#INF,1.#INF,1.#INF,1.#INF,
8.5,1.#INF,1.#INF,1.#INF,1.#INF,
8.6,1.#INF,1.#INF,1.#INF,1.#INF,
8.7,1.#INF,1.#INF,1.#INF,1.#INF,
8.8,1.#INF,1.#INF,1.#INF,1.#INF,
8.9,1.#INF,1.#INF,1.#INF,1.#INF,
9,1.#INF,1.#INF,1.#INF,1.#INF,
9.1,1.#INF,1.#INF,1.#INF,1.#INF,
9.2,1.#INF,1.#INF,1.#INF,1.#INF,
9.3,1.#INF,1.#INF,1.#INF,1.#INF,
9.4,1.#INF,1.#INF,1.#INF,1.#INF,
9.5,1.#INF,1.#INF,1.#INF,1.#INF,
9.6,1.#INF,1.#INF,1.#INF,1.#INF,
9.7,1.#INF,1.#INF,1.#INF,1.#INF,
9.8,1.#INF,1.#INF,1.#INF,1.#INF,
9.9,1.#INF,1.#INF,1.#INF,1.#INF,
10,1.#INF,1.#INF,1.#INF,1.#INF,
10.1,1.#INF,1.#INF,1.#INF,1.#INF,
10.2,1.#INF,1.#INF,1.#INF,1.#INF,
10.3,1.#INF,1.#INF,1.#INF,1.#INF,
10.4,1.#INF,1.#INF,1.#INF,1.#INF,
10.5,1.#INF,1.#INF,1.#INF,1.#INF,
10.6,1.#INF,1.#INF,1.#INF,1.#INF,
10.7,1.#INF,1.#INF,1.#INF,1.#INF,
10.8,1.#INF,1.#INF,1.#INF,1.#INF,
10.9,1.#INF,1.#INF,1.#INF,1.#INF,
11,1.#INF,1.#INF,1.#INF,1.#INF,
11.1,1.#INF,1.#INF,1.#INF,1.#INF,
11.2,1.#INF,1.#INF,1.#INF,1.#INF,
11.3,1.#INF,1.#INF,1.#INF,1.#INF,
11.4,1.#INF,1.#INF,1.#INF,1.#INF,
11.5,1.#INF,1.#INF,1.#INF,1.#INF,
11.6,1.#INF,1.#INF,1.#INF,1.#INF,
11.7,1.#INF,1.#INF,1.#INF,1.#INF,
11.8,1.#INF,1.#INF,1.#INF,1.#INF,
11.9,1.#INF,1.#INF,1.#INF,1.#INF,
12,1.#INF,1.#INF,1.#INF,1.#INF,
12.1,1.#INF,1.#INF,1.#INF,1.#INF,
12.2,1.#INF,1.#INF,1.#INF,1.#INF,
12.3,1.#INF,1.#INF,1.#INF,1.#INF,
12.4,1.#INF,1.#INF,1.#INF,1.#INF,
12.5,1.#INF,1.#INF,1.#INF,1.#INF,
12.6,1.#INF,1.#INF,1.#INF,1.#INF,
12.7,1.#INF,1.#INF,1.#INF,1.#INF,
12.8,1.#INF,1.#INF,1.#INF,1.#INF,
12.9,1.#INF,1.#INF,1.#INF,1.#INF,
13,1.#INF,1.#INF,1.#INF,1.#INF,
13.1,1.#INF,1.#INF,1.#INF,1.#INF,
13.2,1.#INF,1.#INF,1.#INF,1.#INF,
13.3,1.#INF,1.#INF,1.#INF,1.#INF,
13.4,1.#INF,1.#INF,1.#INF,1.#INF,
13.5,1.#INF,1.#INF,1.#INF,1.#INF,
13.6,1.#INF,1.#INF,1.#INF,1.#INF,
13.7,1.#INF,1.#INF,1.#INF,1.#INF,
13.8,1.#INF,1.#INF,1.#INF,1.#INF,
13.9,1.#INF,1.#INF,1.#INF,1.#INF,
14,1.#INF,1.#INF,1.#INF,1.#INF,
14.1,1.#INF,1.#INF,1.#INF,1.#INF,
14.2,1.#INF,1.#INF,1.#INF,1.#INF,
14.3,1.#INF,1.#INF,1.#INF,1.#INF,
14.4,1.#INF,1.#INF,1.#INF,1.#INF,
14.5,1.#INF,1.#INF,1.#INF,1.#INF,
14.6,1.#INF,1.#INF,1.#INF,1.#INF,
14.7,1.#INF,1.#INF,1.#INF,1.#INF,
14.8,1.#INF,1.#INF,1.#INF,1.#INF,
14.9,1.#INF,1.#INF,1.#INF,1.#INF,
15,1.#INF,1.#INF,1.#INF,1.#INF,
15.1,1.#INF,1.#INF,1.#INF,1.#INF,
15.2,1.#INF,1.#INF,1.#INF,1.#INF,
15.3,1.#INF,1.#INF,1.#INF,1.#INF,
15.4,1.#INF,1.#INF,1.#INF,1.#INF,
15.5,1.#INF,1.#INF,1.#INF,1.#INF,
15.6,1.#INF,1.#INF,1.#INF,1.#INF,
15.7,1.#INF,1.#INF,1.#INF,1.#INF,
15.8,1.#INF,1.#INF,1.#INF,1.#INF,
15.9,1.#INF,1.#INF,1.#INF,1.#INF,
16,1.#INF,1.#INF,1.#INF,1.#INF,
16.1,1.#INF,1.#INF,1.#INF,1.#INF,
16.2,1.#INF,1.#INF,1.#INF,1.#INF,
16.3,1.#INF,1.#INF,1.#INF,1.#INF,
16.4,1.#INF,1.#INF,1.#INF,1.#INF,
16.5,1.#INF,1.#INF,1.#INF,1.#INF,
16.6,1.#INF,1.#INF,1.#INF,1.#INF,
16.7,1.#INF,1.#INF,1.#INF,1.#INF,
16.8,1.#INF,1.#INF,1.#INF,1.#INF,
16.9,1.#INF,1.#INF,1.#INF,1.#INF,
17,1.#INF,1.#INF,1.#INF,1.#INF,
17.1,1.#INF,1.#INF,1.#INF,1.#INF,
17.2,1.#INF,1.#INF,1.#INF,1.#INF,
17.3,1.#INF,1.#INF,1.#INF,1.#INF,
17.4,1.#INF,1.#INF,1.#INF,1.#INF,
17.5,1.#INF,1.#INF,1.#INF,1.#INF,
17.6,1.#INF,1.#INF,1.#INF,1.#INF,
17.7,1.#INF,1.#INF,1.#INF,1.#INF,
17.8,1.#INF,1.#INF,1.#INF,1.#INF,
17.9,1.#INF,1.#INF,1.#INF,1.#INF,
18,1.#INF,1.#INF,1.#INF,1.#INF,
18.1,1.#INF,1.#INF,1.#INF,1.#INF,
18.2,1.#INF,1.#INF,1.#INF,1.#INF,
18.3,1.#INF,1.#INF,1.#INF,1.#INF,
18.4,1.#INF,1.#INF,1.#INF,1.#INF,
18.5,1.#INF,1.#INF,1.#INF,1.#INF,
18.6,1.#INF,1.#INF,1.#INF,1.#INF,
18.7,1.#INF,1.#INF,1.#INF,1.#INF,
18.8,1.#INF,1.#INF,1.#INF,1.#INF,
18.9,1.#INF,1.#INF,1.#INF,1.#INF,
19,1.#INF,1.#INF,1.#INF,1.#INF,
19.1,1.#INF,1.#INF,1.#INF,1.#INF,
19.2,1.#INF,1.#INF,1.#INF,1.#INF,
19.3,1.#INF,1.#INF,1.#INF,1.#INF,
19.4,1.#INF,1.#INF,1.#INF,1.#INF,
19.5,1.#INF,1.#INF,1.#INF,1.#INF,
19.6,1.#INF,1.#INF,1.#INF,1.#INF,
19.7,1.#INF,1.#INF,1.#INF,1.#INF,
19.8,1.#INF,1.#INF,1.#INF,1.#INF,
19.9,1.#INF,1.#INF,1.#INF,1.#INF,
20,1.#INF,1.#INF,1.#INF,1.#INF,
20.1,1.#INF,1.#INF,1.#INF,1.#INF,
20.2,1.#INF,1.#INF,1.#INF,1.#INF,
20.3,1.#INF,1.#INF,1.#INF,1.#INF,
20.4,1.#INF,1.#INF,1.#INF,1.#INF,
20.5,1.#INF,1.#INF,1.#INF,1.#INF,
20.6,1.#INF,1.#INF,1.#INF,1.#INF,
20.7,1.#INF,1.#INF,1.#INF,1.#INF,
20.8,1.#INF,1.#INF,1.#INF,1.#INF,
20.9,1.#INF,1.#INF,1.#INF,1.#INF,
21,1.#INF,1.#INF,1.#INF,1.#INF,
21.1,1.#INF,1.#INF,1.#INF,1.#INF,
21.2,1.#INF,1.#INF,1.#INF,1.#INF,
21.3,1.#INF,1.#INF,1.#INF,1.#INF,
21.4,1.#INF,1.#INF,1.#INF,1.#INF,
21.5,1.#INF,1.#INF,1.#INF,1.#INF,
21.6,1.#INF,1.#INF,1.#INF,1.#INF,
21.7,1.#INF,1.#INF,1.#INF,1.#INF,
21.8,1.#INF,1.#INF,1.#INF,1.#INF,
21.9,1.#INF,1.#INF,1.#INF,1.#INF,
22,1.#INF,1.#INF,1.#INF,1.#INF,
22.1,1.#INF,1.#INF,1.#INF,1.#INF,
22.2,1.#INF,1.#INF,1.#INF,1.#INF,
22.3,1.#INF,1.#INF,1.#INF,1.#INF,
22.4,1.#INF,1.#INF,1.#INF,1.#INF,
22.5,1.#INF,1.#INF,1.#INF,1.#INF,
22.6,1.#INF,1.#INF,1.#INF,1.#INF,
22.7,1.#INF,1.#INF,1.#INF,1.#INF,
22.8,1.#INF,1.#INF,1.#INF,1.#INF,
22.9,1.#INF,1.#INF,1.#INF,1.#INF,
23,1.#INF,1.#INF,1.#INF,1.#INF,
23.1,1.#INF,1.#INF,1.#INF,1.#INF,
23.2,1.#INF,1.#INF,1.#INF,1.#INF,
23.3,1.#INF,1.#INF,1.#INF,1.#INF,
23.4,1.#INF,1.#INF,1.#INF,1.#INF,
23.5,1.#INF,1.#INF,1.#INF,1.#INF,
23.6,1.#INF,1.#INF,1.#INF,1.#INF,
23.7,1.#INF,1.#INF,1.#INF,1.#INF,
23.8,1.#INF,1.#INF,1.#INF,1.#INF,
23.9,1.#INF,1.#INF,1.#INF,1.#INF,
24,1.#INF,1.#INF,1.#INF,1.#INF,
24.1,1.#INF,1.#INF,1.#INF,1.#INF,
24.2,1.#INF,1.#INF,1.#INF,1.#INF,
24.3,1.#INF,1.#INF,1.#INF,1.#INF,
24.4,1.#INF,1.#INF,1.#INF,1.#INF,
24.5,1.#INF,1.#INF,1.#INF,1.#INF,
24.6,1.#INF,1.#INF,1.#INF,1.#INF,
24.7,1.#INF,1.#INF,1.#INF,1.#INF,
24.8,1.#INF,1.#INF,1.#INF,1.#INF,
24.9,1.#INF,1.#INF,1.#INF,1.#INF,
25,1.#INF,1.#INF,1.#INF,1.#INF,
25.1,1.#INF,1.#INF,1.#INF,1.#INF,
25.2,1.#INF,1.#INF,1.#INF,1.#INF,
25.3,1.#INF,1.#INF,1.#INF,1.#INF,
25.4,1.#INF,1.#INF,1.#INF,1.#INF,
25.5,1.#INF,1.#INF,1.#INF,1.#INF,
25.6,1.#INF,1.#INF,1.#INF,1.#INF,
25.7,1.#INF,1.#INF,1.#INF,1.#INF,
25.8,1.#INF,1.#INF,1.#INF,1.#INF,
25.9,1.#INF,1.#INF,1.#INF,1.#INF,
26,1.#INF,1.#INF,1.#INF,1.#INF,
26.1,1.#INF,1.#INF,1.#INF,1.#INF,
26.2,1.#INF,1.#INF,1.#INF,1.#INF,
26.3,1.#INF,1.#INF,1.#INF,1.#INF,
26.4,1.#INF,1.#INF,1.#INF,1.#INF,
26.5,1.#INF,1.#INF,1.#INF,1.#INF,
26.6,1.#INF,1.#INF,1.#INF,1.#INF,
26.7,1.#INF,1.#INF,1.#INF,1.#INF,
26.8,1.#INF,1.#INF,1.#INF,1.#INF,
26.9,1.#INF,1.#INF,1.#INF,1.#INF,
27,1.#INF,1.#INF,1.#INF,1.#INF,
27.1,1.#INF,1.#INF,1.#INF,1.#INF,
27.2,1.#INF,1.#INF,1.#INF,1.#INF,
27.3,1.#INF,1.#INF,1.#INF,1.#INF,
27.4,1.#INF,1.#INF,1.#INF,1.#INF,
27.5,1.#INF,1.#INF,1.#INF,1.#INF,
27.6,1.#INF,1.#INF,1.#INF,1.#INF,
27.7,1.#INF,1.#INF,1.#INF,1.#INF,
27.8,1.#INF,1.#INF,1.#INF,1.#INF,
27.9,1.#INF,1.#INF,1.#INF,1.#INF,
28,1.#INF,1.#INF,1.#INF,1.#INF,
28.1,1.#INF,1.#INF,1.#INF,1.#INF,
28.2,1.#INF,1.#INF,1.#INF,1.#INF,
28.3,1.#INF,1.#INF,1.#INF,1.#INF,
28.4,1.#INF,1.#INF,1.#INF,1.#INF,
28.5,1.#INF,1.#INF,1.#INF,1.#INF,
28.6,1.#INF,1.#INF,1.#INF,1.#INF,
28.7,1.#INF,1.#INF,1.#INF,1.#INF,
28.8,1.#INF,1.#INF,1.#INF,1.#INF,
28.9,1.#INF,1.#INF,1.#INF,1.#INF,
29,1.#INF,1.#INF,1.#INF,1.#INF,
29.1,1.#INF,1.#INF,1.#INF,1.#INF,
29.2,1.#INF,1.#INF,1.#INF,1.#INF,
29.3,1.#INF,1.#INF,1.#INF,1.#INF,
29.4,1.#INF,1.#INF,1.#INF,1.#INF,
29.5,1.#INF,1.#INF,1.#INF,1.#INF,
29.6,1.#INF,1.#INF,1.#INF,1.#INF,
29.7,1.#INF,1.#INF,1.#INF,1.#INF,
29.8,1.#INF,1.#INF,1.#INF,1.#INF,
29.9,1.#INF,1.#INF,1.#INF,1.#INF,
30,1.#INF,1.#INF,1.#INF,1.#INF,
30.1,1.#INF,1.#INF,1.#INF,1.#INF,
30.2,1.#INF,1.#INF,1.#INF,1.#INF,
30.3,1.#INF,1.#INF,1.#INF,1.#INF,
30.4,1.#INF,1.#INF,1.#INF,1.#INF,
30.5,1.#INF,1.#INF,1.#INF,1.#INF,
30.6,1.#INF,1.#INF,1.#INF,1.#INF,
30.7,1.#INF,1.#INF,1.#INF,1.#INF,
30.8,1.#INF,1.#INF,1.#INF,1.#INF,
30.9,1.#INF,1.#INF,1.#INF,1.#INF,
31,1.#INF,1.#INF,1.#INF,1.#INF,
31.1,1.#INF,1.#INF,1.#INF,1.#INF,
31.2,1.#INF,1.#INF,1.#INF,1.#INF,
31.3,1.#INF,1.#INF,1.#INF,1.#INF,
31.4,1.#INF,1.#INF,1.#INF,1.#INF,
31.5,1.#INF,1.#INF,1.#INF,1.#INF,
31.6,1.#INF,1.#INF,1.#INF,1.#INF,
31.7,1.#INF,1.#INF,1.#INF,1.#INF,
31.8,1.#INF,1.#INF,1.#INF,1.#INF,
31.9,1.#INF,1.#INF,1.#INF,1.#INF,
32,1.#INF,1.#INF,1.#INF,1.#INF,
32.1,1.#INF,1.#INF,1.#INF,1.#INF,
32.2,1.#INF,1.#INF,1.#INF,1.#INF,
32.3,1.#INF,1.#INF,1.#INF,1.#INF,
32.4,1.#INF,1.#INF,1.#INF,1.#INF,
32.5,1.#INF,1.#INF,1.#INF,1.#INF,
32.6,1.#INF,1.#INF,1.#INF,1.#INF,
32.7,1.#INF,1.#INF,1.#INF,1.#INF,
32.8,1.#INF,1.#INF,1.#INF,1.#INF,
32.9,1.#INF,1.#INF,1.#INF,1.#INF,
33,1.#INF,1.#INF,1.#INF,1.#INF,
33.1,1.#INF,1.#INF,1.#INF,1.#INF,
33.2,1.#INF,1.#INF,1.#INF,1.#INF,
33.3,1.#INF,1.#INF,1.#INF,1.#INF,
33.4,1.#INF,1.#INF,1.#INF,1.#INF,
33.5,1.#INF,1.#INF,1.#INF,1.#INF,
33.6,1.#INF,1.#INF,1.#INF,1.#INF,
33.7,1.#INF,1.#INF,1.#INF,1.#INF,
33.8,1.#INF,1.#INF,1.#INF,1.#INF,
33.9,1.#INF,1.#INF,1.#INF,1.#INF,
34,1.#INF,1.#INF,1.#INF,1.#INF,
34.1,1.#INF,1.#INF,1.#INF,1.#INF,
34.2,1.#INF,1.#INF,1.#INF,1.#INF,
34.3,1.#INF,1.#INF,1.#INF,1.#INF,
34.4,1.#INF,1.#INF,1.#INF,1.#INF,
34.5,1.#INF,1.#INF,1.#INF,1.#INF,
34.6,1.#INF,1.#INF,1.#INF,1.#INF,
34.7,1.#INF,1.#INF,1.#INF,1.#INF,
34.8,1.#INF,1.#INF,1.#INF,1.#INF,
34.9,1.#INF,1.#INF,1.#INF,1.#INF,
35,1.#INF,1.#INF,1.#INF,1.#INF,
35.1,1.#INF,1.#INF,1.#INF,1.#INF,
35.2,1.#INF,1.#INF,1.#INF,1.#INF,
35.3,1.#INF,1.#INF,1.#INF,1.#INF,
35.4,1.#INF,1.#INF,1.#INF,1.#INF,
35.5,1.#INF,1.#INF,1.#INF,1.#INF,
35.6,1.#INF,1.#INF,1.#INF,1.#INF,
35.7,1.#INF,1.#INF,1.#INF,1.#INF,
35.8,1.#INF,1.#INF,1.#INF,1.#INF,
35.9,1.#INF,1.#INF,1.#INF,1.#INF,
36,1.#INF,1.#INF,1.#INF,1.#INF,
36.1,1.#INF,1.#INF,1.#INF,1.#INF,
36.2,1.#INF,1.#INF,1.#INF,1.#INF,
36.3,1.#INF,1.#INF,1.#INF,1.#INF,
36.4,1.#INF,1.#INF,1.#INF,1.#INF,
36.5,1.#INF,1.#INF,1.#INF,1.#INF,
36.6,1.#INF,1.#INF,1.#INF,1.#INF,
36.7,1.#INF,1.#INF,1.#INF,1.#INF,
36.8,1.#INF,1.#INF,1.#INF,1.#INF,
36.9,1.#INF,1.#INF,1.#INF,1.#INF,
37,1.#INF,1.#INF,1.#INF,1.#INF,
37.1,1.#INF,1.#INF,1.#INF,1.#INF,
37.2,1.#INF,1.#INF,1.#INF,1.#INF,
37.3,1.#INF,1.#INF,1.#INF,1.#INF,
37.4,1.#INF,1.#INF,1.#INF,1.#INF,
37.5,1.#INF,1.#INF,1.#INF,1.#INF,
37.6,1.#INF,1.#INF,1.#INF,1.#INF,
37.7,1.#INF,1.#INF,1.#INF,1.#INF,
37.8,1.#INF,1.#INF,1.#INF,1.#INF,
37.9,1.#INF,1.#INF,1.#INF,1.#INF,
38,1.#INF,1.#INF,1.#INF,1.#INF,
38.1,1.#INF,1.#INF,1.#INF,1.#INF,
38.2,1.#INF,1.#INF,1.#INF,1.#INF,
38.3,1.#INF,1.#INF,1.#INF,1.#INF,
38.4,1.#INF,1.#INF,1.#INF,1.#INF,
38.5,1.#INF,1.#INF,1.#INF,1.#INF,
38.6,1.#INF,1.#INF,1.#INF,1.#INF,
38.7,1.#INF,1.#INF,1.#INF,1.#INF,
38.8,1.#INF,1.#INF,1.#INF,1.#INF,
38.9,1.#INF,1.#INF,1.#INF,1.#INF,
39,1.#INF,1.#INF,1.#INF,1.#INF,
39.1,1.#INF,1.#INF,1.#INF,1.#INF,
39.2,1.#INF,1.#INF,1.#INF,1.#INF,
39.3,1.#INF,1.#INF,1.#INF,1.#INF,
39.4,1.#INF,1.#INF,1.#INF,1.#INF,
39.5,1.#INF,1.#INF,1.#INF,1.#INF,
39.6,1.#INF,1.#INF,1.#INF,1.#INF,
39.7,1.#INF,1.#INF,1.#INF,1.#INF,
39.8,1.#INF,1.#INF,1.#INF,1.#INF,
39.9,1.#INF,1.#INF,1.#INF,1.#INF,
40,1.#INF,1.#INF,1.#INF,1.#INF,
40.1,1.#INF,1.#INF,1.#INF,1.#INF,
40.2,1.#INF,1.#INF,1.#INF,1.#INF,
40.3,1.#INF,1.#INF,1.#INF,1.#INF,
40.4,1.#INF,1.#INF,1.#INF,1.#INF,
40.5,1.#INF,1.#INF,1.#INF,1.#INF,
40.6,1.#INF,1.#INF,1.#INF,1.#INF,
40.7,1.#INF,1.#INF,1.#INF,1.#INF,
40.8,1.#INF,1.#INF,1.#INF,1.#INF,
40.9,1.#INF,1.#INF,1.#INF,1.#INF,
41,1.#INF,1.#INF,1.#INF,1.#INF,
41.1,1.#INF,1.#INF,1.#INF,1.#INF,
41.2,1.#INF,1.#INF,1.#INF,1.#INF,
41.3,1.#INF,1.#INF,1.#INF,1.#INF,
41.4,1.#INF,1.#INF,1.#INF,1.#INF,
41.5,1.#INF,1.#INF,1.#INF,1.#INF,
41.6,1.#INF,1.#INF,1.#INF,1.#INF,
41.7,1.#INF,1.#INF,1.#INF,1.#INF,
41.8,1.#INF,1.#INF,1.#INF,1.#INF,
41.9,1.#INF,1.#INF,1.#INF,1.#INF,
42,1.#INF,1.#INF,1.#INF,1.#INF,
42.1,1.#INF,1.#INF,1.#INF,1.#INF,
42.2,1.#INF,1.#INF,1.#INF,1.#INF,
42.3,1.#INF,1.#INF,1.#INF,1.#INF,
42.4,1.#INF,1.#INF,1.#INF,1.#INF,
42.5,1.#INF,1.#INF,1.#INF,1.#INF,
42.6,1.#INF,1.#INF,1.#INF,1.#INF,
42.7,1.#INF,1.#INF,1.#INF,1.#INF,
42.8,1.#INF,1.#INF,1.#INF,1.#INF,
42.9,1.#INF,1.#INF,1.#INF,1.#INF,
43,1.#INF,1.#INF,1.#INF,1.#INF,
43.1,1.#INF,1.#INF,1.#INF,1.#INF,
43.2,1.#INF,1.#INF,1.#INF,1.#INF,
43.3,1.#INF,1.#INF,1.#INF,1.#INF,
43.4,1.#INF,1.#INF,1.#INF,1.#INF,
43.5,1.#INF,1.#INF,1.#INF,1.#INF,
43.6,1.#INF,1.#INF,1.#INF,1.#INF,
43.7,1.#INF,1.#INF,1.#INF,1.#INF,
43.8,1.#INF,1.#INF,1.#INF,1.#INF,
43.9,1.#INF,1.#INF,1.#INF,1.#INF,
44,1.#INF,1.#INF,1.#INF,1.#INF,
44.1,1.#INF,1.#INF,1.#INF,1.#INF,
44.2,1.#INF,1.#INF,1.#INF,1.#INF,
44.3,1.#INF,1.#INF,1.#INF,1.#INF,
44.4,1.#INF,1.#INF,1.#INF,1.#INF,
44.5,1.#INF,1.#INF,1.#INF,1.#INF,
44.6,1.#INF,1.#INF,1.#INF,1.#INF,
44.7,1.#INF,1.#INF,1.#INF,1.#INF,
44.8,1.#INF,1.#INF,1.#INF,1.#INF,
44.9,1.#INF,1.#INF,1.#INF,1.#INF,
45,1.#INF,1.#INF,1.#INF,1.#INF,
45.1,1.#INF,1.#INF,1.#INF,1.#INF,
45.2,1.#INF,1.#INF,1.#INF,1.#INF,
45.3,1.#INF,1.#INF,1.#INF,1.#INF,
45.4,1.#INF,1.#INF,1.#INF,1.#INF,
45.5,1.#INF,1.#INF,1.#INF,1.#INF,
45.6,1.#INF,1.#INF,1.#INF,1.#INF,
45.7,1.#INF,1.#INF,1.#INF,1.#INF,
45.8,1.#INF,1.#INF,1.#INF,1.#INF,
45.9,1.#INF,1.#INF,1.#INF,1.#INF,
46,1.#INF,1.#INF,1.#INF,1.#INF,
46.1,1.#INF,1.#INF,1.#INF,1.#INF,
46.2,1.#INF,1.#INF,1.#INF,1.#INF,
46.3,1.#INF,1.#INF,1.#INF,1.#INF,
46.4,1.#INF,1.#INF,1.#INF,1.#INF,
46.5,1.#INF,1.#INF,1.#INF,1.#INF,
46.6,1.#INF,1.#INF,1.#INF,1.#INF,
46.7,1.#INF,1.#INF,1.#INF,1.#INF,
46.8,1.#INF,1.#INF,1.#INF,1.#INF,
46.9,1.#INF,1.#INF,1.#INF,1.#INF,
47,1.#INF,1.#INF,1.#INF,1.#INF,
47.1,1.#INF,1.#INF,1.#INF,1.#INF,
47.2,1.#INF,1.#INF,1.#INF,1.#INF,
47.3,1.#INF,1.#INF,1.#INF,1.#INF,
47.4,1.#INF,1.#INF,1.#INF,1.#INF,
47.5,1.#INF,1.#INF,1.#INF,1.#INF,
47.6,1.#INF,1.#INF,1.#INF,1.#INF,
47.7,1.#INF,1.#INF,1.#INF,1.#INF,
47.8,1.#INF,1.#INF,1.#INF,1.#INF,
47.9,1.#INF,1.#INF,1.#INF,1.#INF,
48,1.#INF,1.#INF,1.#INF,1.#INF,
48.1,1.#INF,1.#INF,1.#INF,1.#INF,
48.2,1.#INF,1.#INF,1.#INF,1.#INF,
48.3,1.#INF,1.#INF,1.#INF,1.#INF,
48.4,1.#INF,1.#INF,1.#INF,1.#INF,
48.5,1.#INF,1.#INF,1.#INF,1.#INF,
48.6,1.#INF,1.#INF,1.#INF,1.#INF,
48.7,1.#INF,1.#INF,1.#INF,1.#INF,
48.8,1.#INF,1.#INF,1.#INF,1.#INF,
48.9,1.#INF,1.#INF,1.#INF,1.#INF,
49,1.#INF,1.#INF,1.#INF,1.#INF,
49.1,1.#INF,1.#INF,1.#INF,1.#INF,
49.2,1.#INF,1.#INF,1.#INF,1.#INF,
49.3,1.#INF,1.#INF,1.#INF,1.#INF,
49.4,1.#INF,1.#INF,1.#INF,1.#INF,
49.5,1.#INF,1.#INF,1.#INF,1.#INF,
49.6,1.#INF,1.#INF,1.#INF,1.#INF,
49.7,1.#INF,1.#INF,1.#INF,1.#INF,
49.8,1.#INF,1.#INF,1.#INF,1.#INF,
49.9,1.#INF,1.#INF,1.#INF,1.#INF,
50,1.#INF,1.#INF,1.#INF,1.#INF,
50.1,1.#INF,1.#INF,1.#INF,1.#INF,
50.2,1.#INF,1.#INF,1.#INF,1.#INF,
50.3,1.#INF,1.#INF,1.#INF,1.#INF,
50.4,1.#INF,1.#INF,1.#INF,1.#INF,
50.5,1.#INF,1.#INF,1.#INF,1.#INF,
50.6,1.#INF,1.#INF,1.#INF,1.#INF,
50.7,1.#INF,1.#INF,1.#INF,1.#INF,
50.8,1.#INF,1.#INF,1.#INF,1.#INF,
50.9,1.#INF,1.#INF,1.#INF,1.#INF,
51,1.#INF,1.#INF,1.#INF,1.#INF,
51.1,1.#INF,1.#INF,1.#INF,1.#INF,
51.2,1.#INF,1.#INF,1.#INF,1.#INF,
51.3,1.#INF,1.#INF,1.#INF,1.#INF,
51.4,1.#INF,1.#INF,1.#INF,1.#INF,
51.5,1.#INF,1.#INF,1.#INF,1.#INF,
51.6,1.#INF,1.#INF,1.#INF,1.#INF,
51.7,1.#INF,1.#INF,1.#INF,1.#INF,
51.8,1.#INF,1.#INF,1.#INF,1.#INF,
51.9,1.#INF,1.#INF,1.#INF,1.#INF,
52,1.#INF,1.#INF,1.#INF,1.#INF,
52.1,1.#INF,1.#INF,1.#INF,1.#INF,
52.2,1.#INF,1.#INF,1.#INF,1.#INF,
52.3,1.#INF,1.#INF,1.#INF,1.#INF,
52.4,1.#INF,1.#INF,1.#INF,1.#INF,
52.5,1.#INF,1.#INF,1.#INF,1.#INF,
52.6,1.#INF,1.#INF,1.#INF,1.#INF,
52.7,1.#INF,1.#INF,1.#INF,1.#INF,
52.8,1.#INF,1.#INF,1.#INF,1.#INF,
52.9,1.#INF,1.#INF,1.#INF,1.#INF,
53,1.#INF,1.#INF,1.#INF,1.#INF,
53.1,1.#INF,1.#INF,1.#INF,1.#INF,
53.2,1.#INF,1.#INF,1.#INF,1.#INF,
53.3,1.#INF,1.#INF,1.#INF,1.#INF,
53.4,1.#INF,1.#INF,1.#INF,1.#INF,
53.5,1.#INF,1.#INF,1.#INF,1.#INF,
53.6,1.#INF,1.#INF,1.#INF,1.#INF,
53.7,1.#INF,1.#INF,1.#INF,1.#INF,
53.8,1.#INF,1.#INF,1.#INF,1.#INF,
53.9,1.#INF,1.#INF,1.#INF,1.#INF,
54,1.#INF,1.#INF,1.#INF,1.#INF,
54.1,1.#INF,1.#INF,1.#INF,1.#INF,
54.2,1.#INF,1.#INF,1.#INF,1.#INF,
54.3,1.#INF,1.#INF,1.#INF,1.#INF,
54.4,1.#INF,1.#INF,1.#INF,1.#INF,
54.5,1.#INF,1.#INF,1.#INF,1.#INF,
54.6,1.#INF,1.#INF,1.#INF,1.#INF,
54.7,1.#INF,1.#INF,1.#INF,1.#INF,
54.8,1.#INF,1.#INF,1.#INF,1.#INF,
54.9,1.#INF,1.#INF,1.#INF,1.#INF,
55,1.#INF,1.#INF,1.#INF,1.#INF,
55.1,1.#INF,1.#INF,1.#INF,1.#INF,
55.2,1.#INF,1.#INF,1.#INF,1.#INF,
55.3,1.#INF,1.#INF,1.#INF,1.#INF,
55.4,1.#INF,1.#INF,1.#INF,1.#INF,
55.5,1.#INF,1.#INF,1.#INF,1.#INF,
55.6,1.#INF,1.#INF,1.#INF,1.#INF,
55.7,1.#INF,1.#INF,1.#INF,1.#INF,
55.8,1.#INF,1.#INF,1.#INF,1.#INF,
55.9,1.#INF,1.#INF,1.#INF,1.#INF,
56,1.#INF,1.#INF,1.#INF,1.#INF,
56.1,1.#INF,1.#INF,1.#INF,1.#INF,
56.2,1.#INF,1.#INF,1.#INF,1.#INF,
56.3,1.#INF,1.#INF,1.#INF,1.#INF,
56.4,1.#INF,1.#INF,1.#INF,1.#INF,
56.5,1.#INF,1.#INF,1.#INF,1.#INF,
56.6,1.#INF,1.#INF,1.#INF,1.#INF,
56.7,1.#INF,1.#INF,1.#INF,1.#INF,
56.8,1.#INF,1.#INF,1.#INF,1.#INF,
56.9,1.#INF,1.#INF,1.#INF,1.#INF,
57,1.#INF,1.#INF,1.#INF,1.#INF,
57.1,1.#INF,1.#INF,1.#INF,1.#INF,
57.2,1.#INF,1.#INF,1.#INF,1.#INF,
57.3,1.#INF,1.#INF,1.#INF,1.#INF,
57.4,1.#INF,1.#INF,1.#INF,1.#INF,
57.5,1.#INF,1.#INF,1.#INF,1.#INF,
57.6,1.#INF,1.#INF,1.#INF,1.#INF,
57.7,1.#INF,1.#INF,1.#INF,1.#INF,
57.8,1.#INF,1.#INF,1.#INF,1.#INF,
57.9,1.#INF,1.#INF,1.#INF,1.#INF,
58,1.#INF,1.#INF,1.#INF,1.#INF,
58.1,1.#INF,1.#INF,1.#INF,1.#INF,
58.2,1.#INF,1.#INF,1.#INF,1.#INF,
58.3,1.#INF,1.#INF,1.#INF,1.#INF,
58.4,1.#INF,1.#INF,1.#INF,1.#INF,
58.5,1.#INF,1.#INF,1.#INF,1.#INF,
58.6,1.#INF,1.#INF,1.#INF,1.#INF,
58.7,1.#INF,1.#INF,1.#INF,1.#INF,
58.8,1.#INF,1.#INF,1.#INF,1.#INF,
58.9,1.#INF,1.#INF,1.#INF,1.#INF,
59,1.#INF,1.#INF,1.#INF,1.#INF,
59.1,1.#INF,1.#INF,1.#INF,1.#INF,
59.2,1.#INF,1.#INF,1.#INF,1.#INF,
59.3,1.#INF,1.#INF,1.#INF,1.#INF,
59.4,1.#INF,1.#INF,1.#INF,1.#INF,
59.5,1.#INF,1.#INF,1.#INF,1.#INF,
59.6,1.#INF,1.#INF,1.#INF,1.#INF,
59.7,1.#INF,1.#INF,1.#INF,1.#INF,
59.8,1.#INF,1.#INF,1.#INF,1.#INF,
59.9,1.#INF,1.#INF,1.#INF,1.#INF,
60,1.#INF,1.#INF,1.#INF,1.#INF,
60.1,1.#INF,1.#INF,1.#INF,1.#INF,
60.2,1.#INF,1.#INF,1.#INF,1.#INF,
60.3,1.#INF,1.#INF,1.#INF,1.#INF,
60.4,1.#INF,1.#INF,1.#INF,1.#INF,
60.5,1.#INF,1.#INF,1.#INF,1.#INF,
60.6,1.#INF,1.#INF,1.#INF,1.#INF,
60.7,1.#INF,1.#INF,1.#INF,1.#INF,
60.8,1.#INF,1.#INF,1.#INF,1.#INF,
60.9,1.#INF,1.#INF,1.#INF,1.#INF,
61,1.#INF,1.#INF,1.#INF,1.#INF,
61.1,1.#INF,1.#INF,1.#INF,1.#INF,
61.2,1.#INF,1.#INF,1.#INF,1.#INF,
61.3,1.#INF,1.#INF,1.#INF,1.#INF,
61.4,1.#INF,1.#INF,1.#INF,1.#INF,
61.5,1.#INF,1.#INF,1.#INF,1.#INF,
61.6,1.#INF,1.#INF,1.#INF,1.#INF,
61.7,1.#INF,1.#INF,1.#INF,1.#INF,
61.8,1.#INF,1.#INF,1.#INF,1.#INF,
61.9,1.#INF,1.#INF,1.#INF,1.#INF,
62,1.#INF,1.#INF,1.#INF,1.#INF,
62.1,1.#INF,1.#INF,1.#INF,1.#INF,
62.2,1.#INF,1.#INF,1.#INF,1.#INF,
62.3,1.#INF,1.#INF,1.#INF,1.#INF,
62.4,1.#INF,1.#INF,1.#INF,1.#INF,
62.5,1.#INF,1.#INF,1.#INF,1.#INF,
62.6,1.#INF,1.#INF,1.#INF,1.#INF,
62.7,1.#INF,1.#INF,1.#INF,1.#INF,
62.8,1.#INF,1.#INF,1.#INF,1.#INF,
62.9,1.#INF,1.#INF,1.#INF,1.#INF,
63,1.#INF,1.#INF,1.#INF,1.#INF,
63.1,1.#INF,1.#INF,1.#INF,1.#INF,
63.2,1.#INF,1.#INF,1.#INF,1.#INF,
63.3,1.#INF,1.#INF,1.#INF,1.#INF,
63.4,1.#INF,1.#INF,1.#INF,1.#INF,
63.5,1.#INF,1.#INF,1.#INF,1.#INF,
63.6,1.#INF,1.#INF,1.#INF,1.#INF,
63.7,1.#INF,1.#INF,1.#INF,1.#INF,
63.8,1.#INF,1.#INF,1.#INF,1.#INF,
63.9,1.#INF,1.#INF,1.#INF,1.#INF,
64,1.#INF,1.#INF,1.#INF,1.#INF,
64.1,5.34385e-029,5.34385e-029,5.34385e-029,5.34385e-029,
64.2,5.34385e-029,5.34385e-029,5.34385e-029,5.34385e-029,
64.3,5.34385e-029,5.34385e-029,5.34385e-029,5.34385e-029,
64.4,5.34385e-029,5.34385e-029,5.34385e-029,5.34385e-029,
64.5,5.34385e-029,5.34385e-029,5.34385e-029,5.34385e-029,
64.6,5.34385e-029,5.34385e-029,5.34385e-029,5.34385e-029,
64.7,5.34385e-029,5.34385e-029,5.34385e-029,5.34385e-029,
64.8,5.34385e-029,5.34385e-029,5.34385e-029,5.34385e-029,
64.9,5.34385e-029,5.34385e-029,5.34385e-029,5.34385e-029,
65,5.34385e-029,5.34385e-029,5.34385e-029,5.34385e-029,
65.1,5.34385e-029,5.34385e-029,5.34385e-029,5.34385e-029,
65.2,5.34385e-029,5.34385e-029,5.34385e-029,5.34385e-029,
65.3,5.34385e-029,5.34385e-029,5.34385e-029,5.34385e-029,
65.4,5.34385e-029,5.34385e-029,5.34385e-029,5.34385e-029,
65.5,5.34385e-029,5.34385e-029,5.34385e-029,5.34385e-029,
65.6,5.34385e-029,5.34385e-029,5.34385e-029,5.34385e-029,
65.7,5.34385e-029,5.34385e-029,5.34385e-029,5.34385e-029,
65.8,5.34385e-029,5.34385e-029,5.34385e-029,5.34385e-029,
65.9,5.34385e-029,5.34385e-029,5.34385e-029,5.34385e-029,
66,5.34385e-029,5.34385e-029,5.34385e-029,5.34385e-029,
66.1,5.34385e-029,5.34385e-029,5.34385e-029,5.34385e-029,
66.2,5.34385e-029,5.34385e-029,5.34385e-029,5.34385e-029,
66.3,5.34385e-029,5.34385e-029,5.34385e-029,5.34385e-029,
66.4,5.34385e-029,5.34385e-029,5.34385e-029,5.34385e-029,
66.5,5.34385e-029,5.34385e-029,5.34385e-029,5.34385e-029,
66.6,5.34385e-029,5.34385e-029,5.34385e-029,5.34385e-029,
66.7,5.34385e-029,5.34385e-029,5.34385e-029,5.34385e-029,
66.8,5.34385e-029,5.34385e-029,5.34385e-029,5.34385e-029,
66.9,5.34385e-029,5.34385e-029,5.34385e-029,5.34385e-029,
67,5.34385e-029,5.34385e-029,5.34385e-029,5.34385e-029,
67.1,5.34385e-029,5.34385e-029,5.34385e-029,5.34385e-029,
67.2,5.34385e-029,5.34385e-029,5.34385e-029,5.34385e-029,
67.3,5.34385e-029,5.34385e-029,5.34385e-029,5.34385e-029,
67.4,5.34385e-029,5.34385e-029,5.34385e-029,5.34385e-029,
67.5,5.34385e-029,5.34385e-029,5.34385e-029,5.34385e-029,
67.6,5.34385e-029,5.34385e-029,5.34385e-029,5.34385e-029,
67.7,5.34385e-029,5.34385e-029,5.34385e-029,5.34385e-029,
67.8,5.34385e-029,5.34385e-029,5.34385e-029,5.34385e-029,
67.9,5.34385e-029,5.34385e-029,5.34385e-029,5.34385e-029,
68,5.34385e-029,5.34385e-029,5.34385e-029,5.34385e-029,
68.1,5.34385e-029,5.34385e-029,5.34385e-029,5.34385e-029,
68.2,5.34385e-029,5.34385e-029,5.34385e-029,5.34385e-029,
68.3,5.34385e-029,5.34385e-029,5.34385e-029,5.34385e-029,
68.4,5.34385e-029,5.34385e-029,5.34385e-029,5.34385e-029,
68.5,5.34385e-029,5.34385e-029,5.34385e-029,5.34385e-029,
68.6,5.34385e-029,5.34385e-029,5.34385e-029,5.34385e-029,
68.7,5.34385e-029,5.34385e-029,5.34385e-029,5.34385e-029,
68.8,5.34385e-029,5.34385e-029,5.34385e-029,5.34385e-029,
68.9,5.34385e-029,5.34385e-029,5.34385e-029,5.34385e-029,
69,5.34385e-029,5.34385e-029,5.34385e-029,5.34385e-029,
69.1,5.34385e-029,5.34385e-029,5.34385e-029,5.34385e-029,
69.2,5.34385e-029,5.34385e-029,5.34385e-029,5.34385e-029,
69.3,5.34385e-029,5.34385e-029,5.34385e-029,5.34385e-029,
69.4,5.34385e-029,5.34385e-029,5.34385e-029,5.34385e-029,
69.5,5.34385e-029,5.34385e-029,5.34385e-029,5.34385e-029,
69.6,5.34385e-029,5.34385e-029,5.34385e-029,5.34385e-029,
69.7,5.34385e-029,5.34385e-029,5.34385e-029,5.34385e-029,
69.8,5.34385e-029,5.34385e-029,5.34385e-029,5.34385e-029,
69.9,5.34385e-029,5.34385e-029,5.34385e-029,5.34385e-029,
70,5.34385e-029,5.34385e-029,5.34385e-029,5.34385e-029,
70.1,5.34385e-029,5.34385e-029,5.34385e-029,5.34385e-029,
70.2,5.34385e-029,5.34385e-029,5.34385e-029,5.34385e-029,
70.3,5.34385e-029,5.34385e-029,5.34385e-029,5.34385e-029,
70.4,5.34385e-029,5.34385e-029,5.34385e-029,5.34385e-029,
70.5,5.34385e-029,5.34385e-029,5.34385e-029,5.34385e-029,
70.6,5.34385e-029,5.34385e-029,5.34385e-029,5.34385e-029,
70.7,5.34385e-029,5.34385e-029,5.34385e-029,5.34385e-029,
70.8,5.34385e-029,5.34385e-029,5.34385e-029,5.34385e-029,
70.9,5.34385e-029,5.34385e-029,5.34385e-029,5.34385e-029,
71,5.34385e-029,5.34385e-029,5.34385e-029,5.34385e-029,
71.1,5.34385e-029,5.34385e-029,5.34385e-029,5.34385e-029,
71.2,5.34385e-029,5.34385e-029,5.34385e-029,5.34385e-029,
71.3,5.34385e-029,5.34385e-029,5.34385e-029,5.34385e-029,
71.4,5.34385e-029,5.34385e-029,5.34385e-029,5.34385e-029,
71.5,5.34385e-029,5.34385e-029,5.34385e-029,5.34385e-029,
71.6,5.34385e-029,5.34385e-029,5.34385e-029,5.34385e-029,
71.7,5.34385e-029,5.34385e-029,5.34385e-029,5.34385e-029,
71.8,5.34385e-029,5.34385e-029,5.34385e-029,5.34385e-029,
71.9,5.34385e-029,5.34385e-029,5.34385e-029,5.34385e-029,
72,5.34385e-029,5.34385e-029,5.34385e-029,5.34385e-029,
72.1,5.34385e-029,5.34385e-029,5.34385e-029,5.34385e-029,
72.2,5.34385e-029,5.34385e-029,5.34385e-029,5.34385e-029,
72.3,5.34385e-029,5.34385e-029,5.34385e-029,5.34385e-029,
72.4,5.34385e-029,5.34385e-029,5.34385e-029,5.34385e-029,
72.5,5.34385e-029,5.34385e-029,5.34385e-029,5.34385e-029,
72.6,5.34385e-029,5.34385e-029,5.34385e-029,5.34385e-029,
72.7,5.34385e-029,5.34385e-029,5.34385e-029,5.34385e-029,
72.8,5.34385e-029,5.34385e-029,5.34385e-029,5.34385e-029,
72.9,5.34385e-029,5.34385e-029,5.34385e-029,5.34385e-029,
73,5.34385e-029,5.34385e-029,5.34385e-029,5.34385e-029,
73.1,5.34385e-029,5.34385e-029,5.34385e-029,5.34385e-029,
73.2,5.34385e-029,5.34385e-029,5.34385e-029,5.34385e-029,
73.3,5.34385e-029,5.34385e-029,5.34385e-029,5.34385e-029,
73.4,5.34385e-029,5.34385e-029,5.34385e-029,5.34385e-029,
73.5,5.34385e-029,5.34385e-029,5.34385e-029,5.34385e-029,
73.6,5.34385e-029,5.34385e-029,5.34385e-029,5.34385e-029,
73.7,5.34385e-029,5.34385e-029,5.34385e-029,5.34385e-029,
73.8,5.34385e-029,5.34385e-029,5.34385e-029,5.34385e-029,
73.9,5.34385e-029,5.34385e-029,5.34385e-029,5.34385e-029,
74,5.34385e-029,5.34385e-029,5.34385e-029,5.34385e-029,
74.1,5.34385e-029,5.34385e-029,5.34385e-029,5.34385e-029,
74.2,5.34385e-029,5.34385e-029,5.34385e-029,5.34385e-029,
74.3,5.34385e-029,5.34385e-029,5.34385e-029,5.34385e-029,
74.4,5.34385e-029,5.34385e-029,5.34385e-029,5.34385e-029,
74.5,5.34385e-029,5.34385e-029,5.34385e-029,5.34385e-029,
74.6,5.34385e-029,5.34385e-029,5.34385e-029,5.34385e-029,
74.7,5.34385e-029,5.34385e-029,5.34385e-029,5.34385e-029,
74.8,5.34385e-029,5.34385e-029,5.34385e-029,5.34385e-029,
74.9,5.34385e-029,5.34385e-029,5.34385e-029,5.34385e-029,
75,5.34385e-029,5.34385e-029,5.34385e-029,5.34385e-029,
75.1,5.34385e-029,5.34385e-029,5.34385e-029,5.34385e-029,
75.2,5.34385e-029,5.34385e-029,5.34385e-029,5.34385e-029,
75.3,5.34385e-029,5.34385e-029,5.34385e-029,5.34385e-029,
75.4,5.34385e-029,5.34385e-029,5.34385e-029,5.34385e-029,
75.5,5.34385e-029,5.34385e-029,5.34385e-029,5.34385e-029,
75.6,5.34385e-029,5.34385e-029,5.34385e-029,5.34385e-029,
75.7,5.34385e-029,5.34385e-029,5.34385e-029,5.34385e-029,
75.8,5.34385e-029,5.34385e-029,5.34385e-029,5.34385e-029,
75.9,5.34385e-029,5.34385e-029,5.34385e-029,5.34385e-029,
76,5.34385e-029,5.34385e-029,5.34385e-029,5.34385e-029,
76.1,5.34385e-029,5.34385e-029,5.34385e-029,5.34385e-029,
76.2,5.34385e-029,5.34385e-029,5.34385e-029,5.34385e-029,
76.3,5.34385e-029,5.34385e-029,5.34385e-029,5.34385e-029,
76.4,5.34385e-029,5.34385e-029,5.34385e-029,5.34385e-029,
76.5,5.34385e-029,5.34385e-029,5.34385e-029,5.34385e-029,
76.6,5.34385e-029,5.34385e-029,5.34385e-029,5.34385e-029,
76.7,5.34385e-029,5.34385e-029,5.34385e-029,5.34385e-029,
76.8,5.34385e-029,5.34385e-029,5.34385e-029,5.34385e-029,
76.9,5.34385e-029,5.34385e-029,5.34385e-029,5.34385e-029,
77,5.34385e-029,5.34385e-029,5.34385e-029,5.34385e-029,
77.1,5.34385e-029,5.34385e-029,5.34385e-029,5.34385e-029,
77.2,5.34385e-029,5.34385e-029,5.34385e-029,5.34385e-029,
77.3,5.34385e-029,5.34385e-029,5.34385e-029,5.34385e-029,
77.4,5.34385e-029,5.34385e-029,5.34385e-029,5.34385e-029,
77.5,5.34385e-029,5.34385e-029,5.34385e-029,5.34385e-029,
77.6,5.34385e-029,5.34385e-029,5.34385e-029,5.34385e-029,
77.7,5.34385e-029,5.34385e-029,5.34385e-029,5.34385e-029,
77.8,5.34385e-029,5.34385e-029,5.34385e-029,5.34385e-029,
77.9,5.34385e-029,5.34385e-029,5.34385e-029,5.34385e-029,
78,5.34385e-029,5.34385e-029,5.34385e-029,5.34385e-029,
78.1,5.34385e-029,5.34385e-029,5.34385e-029,5.34385e-029,
78.2,5.34385e-029,5.34385e-029,5.34385e-029,5.34385e-029,
78.3,5.34385e-029,5.34385e-029,5.34385e-029,5.34385e-029,
78.4,5.34385e-029,5.34385e-029,5.34385e-029,5.34385e-029,
78.5,5.34385e-029,5.34385e-029,5.34385e-029,5.34385e-029,
78.6,5.34385e-029,5.34385e-029,5.34385e-029,5.34385e-029,
78.7,5.34385e-029,5.34385e-029,5.34385e-029,5.34385e-029,
78.8,5.34385e-029,5.34385e-029,5.34385e-029,5.34385e-029,
78.9,5.34385e-029,5.34385e-029,5.34385e-029,5.34385e-029,
79,5.34385e-029,5.34385e-029,5.34385e-029,5.34385e-029,
79.1,5.34385e-029,5.34385e-029,5.34385e-029,5.34385e-029,
79.2,5.34385e-029,5.34385e-029,5.34385e-029,5.34385e-029,
79.3,5.34385e-029,5.34385e-029,5.34385e-029,5.34385e-029,
79.4,5.34385e-029,5.34385e-029,5.34385e-029,5.34385e-029,
79.5,5.34385e-029,5.34385e-029,5.34385e-029,5.34385e-029,
79.6,5.34385e-029,5.34385e-029,5.34385e-029,5.34385e-029,
79.7,5.34385e-029,5.34385e-029,5.34385e-029,5.34385e-029,
79.8,5.34385e-029,5.34385e-029,5.34385e-029,5.34385e-029,
79.9,5.34385e-029,5.34385e-029,5.34385e-029,5.34385e-029,
80,5.34385e-029,5.34385e-029,5.34385e-029,5.34385e-029,
80.1,5.34385e-029,5.34385e-029,5.34385e-029,5.34385e-029,
80.2,5.34385e-029,5.34385e-029,5.34385e-029,5.34385e-029,
80.3,5.34385e-029,5.34385e-029,5.34385e-029,5.34385e-029,
80.4,5.34385e-029,5.34385e-029,5.34385e-029,5.34385e-029,
80.5,5.34385e-029,5.34385e-029,5.34385e-029,5.34385e-029,
80.6,5.34385e-029,5.34385e-029,5.34385e-029,5.34385e-029,
80.7,5.34385e-029,5.34385e-029,5.34385e-029,5.34385e-029,
80.8,5.34385e-029,5.34385e-029,5.34385e-029,5.34385e-029,
80.9,5.34385e-029,5.34385e-029,5.34385e-029,5.34385e-029,
81,5.34385e-029,5.34385e-029,5.34385e-029,5.34385e-029,
81.1,5.34385e-029,5.34385e-029,5.34385e-029,5.34385e-029,
81.2,5.34385e-029,5.34385e-029,5.34385e-029,5.34385e-029,
81.3,5.34385e-029,5.34385e-029,5.34385e-029,5.34385e-029,
81.4,5.34385e-029,5.34385e-029,5.34385e-029,5.34385e-029,
81.5,5.34385e-029,5.34385e-029,5.34385e-029,5.34385e-029,
81.6,5.34385e-029,5.34385e-029,5.34385e-029,5.34385e-029,
81.7,5.34385e-029,5.34385e-029,5.34385e-029,5.34385e-029,
81.8,5.34385e-029,5.34385e-029,5.34385e-029,5.34385e-029,
81.9,5.34385e-029,5.34385e-029,5.34385e-029,5.34385e-029,
82,5.34385e-029,5.34385e-029,5.34385e-029,5.34385e-029,
82.1,5.34385e-029,5.34385e-029,5.34385e-029,5.34385e-029,
82.2,5.34385e-029,5.34385e-029,5.34385e-029,5.34385e-029,
82.3,5.34385e-029,5.34385e-029,5.34385e-029,5.34385e-029,
82.4,5.34385e-029,5.34385e-029,5.34385e-029,5.34385e-029,
82.5,5.34385e-029,5.34385e-029,5.34385e-029,5.34385e-029,
82.6,5.34385e-029,5.34385e-029,5.34385e-029,5.34385e-029,
82.7,5.34385e-029,5.34385e-029,5.34385e-029,5.34385e-029,
82.8,5.34385e-029,5.34385e-029,5.34385e-029,5.34385e-029,
82.9,5.34385e-029,5.34385e-029,5.34385e-029,5.34385e-029,
83,5.34385e-029,5.34385e-029,5.34385e-029,5.34385e-029,
83.1,5.34385e-029,5.34385e-029,5.34385e-029,5.34385e-029,
83.2,5.34385e-029,5.34385e-029,5.34385e-029,5.34385e-029,
83.3,5.34385e-029,5.34385e-029,5.34385e-029,5.34385e-029,
83.4,5.34385e-029,5.34385e-029,5.34385e-029,5.34385e-029,
83.5,5.34385e-029,5.34385e-029,5.34385e-029,5.34385e-029,
83.6,5.34385e-029,5.34385e-029,5.34385e-029,5.34385e-029,
83.7,5.34385e-029,5.34385e-029,5.34385e-029,5.34385e-029,
83.8,5.34385e-029,5.34385e-029,5.34385e-029,5.34385e-029,
83.9,5.34385e-029,5.34385e-029,5.34385e-029,5.34385e-029,
84,5.34385e-029,5.34385e-029,5.34385e-029,5.34385e-029,
84.1,5.34385e-029,5.34385e-029,5.34385e-029,5.34385e-029,
84.2,5.34385e-029,5.34385e-029,5.34385e-029,5.34385e-029,
84.3,5.34385e-029,5.34385e-029,5.34385e-029,5.34385e-029,
84.4,5.34385e-029,5.34385e-029,5.34385e-029,5.34385e-029,
84.5,5.34385e-029,5.34385e-029,5.34385e-029,5.34385e-029,
84.6,5.34385e-029,5.34385e-029,5.34385e-029,5.34385e-029,
84.7,5.34385e-029,5.34385e-029,5.34385e-029,5.34385e-029,
84.8,5.34385e-029,5.34385e-029,5.34385e-029,5.34385e-029,
84.9,5.34385e-029,5.34385e-029,5.34385e-029,5.34385e-029,
85,5.34385e-029,5.34385e-029,5.34385e-029,5.34385e-029,
85.1,5.34385e-029,5.34385e-029,5.34385e-029,5.34385e-029,
85.2,5.34385e-029,5.34385e-029,5.34385e-029,5.34385e-029,
85.3,5.34385e-029,5.34385e-029,5.34385e-029,5.34385e-029,
85.4,5.34385e-029,5.34385e-029,5.34385e-029,5.34385e-029,
85.5,5.34385e-029,5.34385e-029,5.34385e-029,5.34385e-029,
85.6,5.34385e-029,5.34385e-029,5.34385e-029,5.34385e-029,
85.7,5.34385e-029,5.34385e-029,5.34385e-029,5.34385e-029,
85.8,5.34385e-029,5.34385e-029,5.34385e-029,5.34385e-029,
85.9,5.34385e-029,5.34385e-029,5.34385e-029,5.34385e-029,
86,5.34385e-029,5.34385e-029,5.34385e-029,5.34385e-029,
86.1,5.34385e-029,5.34385e-029,5.34385e-029,5.34385e-029,
86.2,5.34385e-029,5.34385e-029,5.34385e-029,5.34385e-029,
86.3,5.34385e-029,5.34385e-029,5.34385e-029,5.34385e-029,
86.4,5.34385e-029,5.34385e-029,5.34385e-029,5.34385e-029,
86.5,5.34385e-029,5.34385e-029,5.34385e-029,5.34385e-029,
86.6,5.34385e-029,5.34385e-029,5.34385e-029,5.34385e-029,
86.7,5.34385e-029,5.34385e-029,5.34385e-029,5.34385e-029,
86.8,5.34385e-029,5.34385e-029,5.34385e-029,5.34385e-029,
86.9,5.34385e-029,5.34385e-029,5.34385e-029,5.34385e-029,
87,5.34385e-029,5.34385e-029,5.34385e-029,5.34385e-029,
87.1,5.34385e-029,5.34385e-029,5.34385e-029,5.34385e-029,
87.2,5.34385e-029,5.34385e-029,5.34385e-029,5.34385e-029,
87.3,5.34385e-029,5.34385e-029,5.34385e-029,5.34385e-029,
87.4,5.34385e-029,5.34385e-029,5.34385e-029,5.34385e-029,
87.5,5.34385e-029,5.34385e-029,5.34385e-029,5.34385e-029,
87.6,5.34385e-029,5.34385e-029,5.34385e-029,5.34385e-029,
87.7,5.34385e-029,5.34385e-029,5.34385e-029,5.34385e-029,
87.8,5.34385e-029,5.34385e-029,5.34385e-029,5.34385e-029,
87.9,5.34385e-029,5.34385e-029,5.34385e-029,5.34385e-029,
88,5.34385e-029,5.34385e-029,5.34385e-029,5.34385e-029,
88.1,5.34385e-029,5.34385e-029,5.34385e-029,5.34385e-029,
88.2,5.34385e-029,5.34385e-029,5.34385e-029,5.34385e-029,
88.3,5.34385e-029,5.34385e-029,5.34385e-029,5.34385e-029,
88.4,5.34385e-029,5.34385e-029,5.34385e-029,5.34385e-029,
88.5,5.34385e-029,5.34385e-029,5.34385e-029,5.34385e-029,
88.6,5.34385e-029,5.34385e-029,5.34385e-029,5.34385e-029,
88.7,5.34385e-029,5.34385e-029,5.34385e-029,5.34385e-029,
88.8,5.34385e-029,5.34385e-029,5.34385e-029,5.34385e-029,
88.9,5.34385e-029,5.34385e-029,5.34385e-029,5.34385e-029,
89,5.34385e-029,5.34385e-029,5.34385e-029,5.34385e-029,
89.1,5.34385e-029,5.34385e-029,5.34385e-029,5.34385e-029,
89.2,5.34385e-029,5.34385e-029,5.34385e-029,5.34385e-029,
89.3,5.34385e-029,5.34385e-029,5.34385e-029,5.34385e-029,
89.4,5.34385e-029,5.34385e-029,5.34385e-029,5.34385e-029,
89.5,5.34385e-029,5.34385e-029,5.34385e-029,5.34385e-029,
89.6,5.34385e-029,5.34385e-029,5.34385e-029,5.34385e-029,
89.7,5.34385e-029,5.34385e-029,5.34385e-029,5.34385e-029,
89.8,5.34385e-029,5.34385e-029,5.34385e-029,5.34385e-029,
89.9,5.34385e-029,5.34385e-029,5.34385e-029,5.34385e-029,
90,5.34385e-029,5.34385e-029,5.34385e-029,5.34385e-029,
90.1,5.34385e-029,5.34385e-029,5.34385e-029,5.34385e-029,
90.2,5.34385e-029,5.34385e-029,5.34385e-029,5.34385e-029,
90.3,5.34385e-029,5.34385e-029,5.34385e-029,5.34385e-029,
90.4,5.34385e-029,5.34385e-029,5.34385e-029,5.34385e-029,
90.5,5.34385e-029,5.34385e-029,5.34385e-029,5.34385e-029,
90.6,5.34385e-029,5.34385e-029,5.34385e-029,5.34385e-029,
90.7,5.34385e-029,5.34385e-029,5.34385e-029,5.34385e-029,
90.8,5.34385e-029,5.34385e-029,5.34385e-029,5.34385e-029,
90.9,5.34385e-029,5.34385e-029,5.34385e-029,5.34385e-029,
91,5.34385e-029,5.34385e-029,5.34385e-029,5.34385e-029,
91.1,5.34385e-029,5.34385e-029,5.34385e-029,5.34385e-029,
91.2,5.34385e-029,5.34385e-029,5.34385e-029,5.34385e-029,
91.3,5.34385e-029,5.34385e-029,5.34385e-029,5.34385e-029,
91.4,5.34385e-029,5.34385e-029,5.34385e-029,5.34385e-029,
91.5,5.34385e-029,5.34385e-029,5.34385e-029,5.34385e-029,
91.6,5.34385e-029,5.34385e-029,5.34385e-029,5.34385e-029,
91.7,5.34385e-029,5.34385e-029,5.34385e-029,5.34385e-029,
91.8,5.34385e-029,5.34385e-029,5.34385e-029,5.34385e-029,
91.9,5.34385e-029,5.34385e-029,5.34385e-029,5.34385e-029,
92,5.34385e-029,5.34385e-029,5.34385e-029,5.34385e-029,
92.1,5.34385e-029,5.34385e-029,5.34385e-029,5.34385e-029,
92.2,5.34385e-029,5.34385e-029,5.34385e-029,5.34385e-029,
92.3,5.34385e-029,5.34385e-029,5.34385e-029,5.34385e-029,
92.4,5.34385e-029,5.34385e-029,5.34385e-029,5.34385e-029,
92.5,5.34385e-029,5.34385e-029,5.34385e-029,5.34385e-029,
92.6,5.34385e-029,5.34385e-029,5.34385e-029,5.34385e-029,
92.7,5.34385e-029,5.34385e-029,5.34385e-029,5.34385e-029,
92.8,5.34385e-029,5.34385e-029,5.34385e-029,5.34385e-029,
92.9,5.34385e-029,5.34385e-029,5.34385e-029,5.34385e-029,
93,5.34385e-029,5.34385e-029,5.34385e-029,5.34385e-029,
93.1,5.34385e-029,5.34385e-029,5.34385e-029,5.34385e-029,
93.2,5.34385e-029,5.34385e-029,5.34385e-029,5.34385e-029,
93.3,5.34385e-029,5.34385e-029,5.34385e-029,5.34385e-029,
93.4,5.34385e-029,5.34385e-029,5.34385e-029,5.34385e-029,
93.5,5.34385e-029,5.34385e-029,5.34385e-029,5.34385e-029,
93.6,5.34385e-029,5.34385e-029,5.34385e-029,5.34385e-029,
93.7,5.34385e-029,5.34385e-029,5.34385e-029,5.34385e-029,
93.8,5.34385e-029,5.34385e-029,5.34385e-029,5.34385e-029,
93.9,5.34385e-029,5.34385e-029,5.34385e-029,5.34385e-029,
94,5.34385e-029,5.34385e-029,5.34385e-029,5.34385e-029,
94.1,5.34385e-029,5.34385e-029,5.34385e-029,5.34385e-029,
94.2,5.34385e-029,5.34385e-029,5.34385e-029,5.34385e-029,
94.3,5.34385e-029,5.34385e-029,5.34385e-029,5.34385e-029,
94.4,5.34385e-029,5.34385e-029,5.34385e-029,5.34385e-029,
94.5,5.34385e-029,5.34385e-029,5.34385e-029,5.34385e-029,
94.6,5.34385e-029,5.34385e-029,5.34385e-029,5.34385e-029,
94.7,5.34385e-029,5.34385e-029,5.34385e-029,5.34385e-029,
94.8,5.34385e-029,5.34385e-029,5.34385e-029,5.34385e-029,
94.9,5.34385e-029,5.34385e-029,5.34385e-029,5.34385e-029,
95,5.34385e-029,5.34385e-029,5.34385e-029,5.34385e-029,
95.1,5.34385e-029,5.34385e-029,5.34385e-029,5.34385e-029,
95.2,5.34385e-029,5.34385e-029,5.34385e-029,5.34385e-029,
95.3,5.34385e-029,5.34385e-029,5.34385e-029,5.34385e-029,
95.4,5.34385e-029,5.34385e-029,5.34385e-029,5.34385e-029,
95.5,5.34385e-029,5.34385e-029,5.34385e-029,5.34385e-029,
95.6,5.34385e-029,5.34385e-029,5.34385e-029,5.34385e-029,
95.7,5.34385e-029,5.34385e-029,5.34385e-029,5.34385e-029,
95.8,5.34385e-029,5.34385e-029,5.34385e-029,5.34385e-029,
95.9,5.34385e-029,5.34385e-029,5.34385e-029,5.34385e-029,
96,5.34385e-029,5.34385e-029,5.34385e-029,5.34385e-029,
96.1,5.34385e-029,5.34385e-029,5.34385e-029,5.34385e-029,
96.2,5.34385e-029,5.34385e-029,5.34385e-029,5.34385e-029,
96.3,5.34385e-029,5.34385e-029,5.34385e-029,5.34385e-029,
96.4,5.34385e-029,5.34385e-029,5.34385e-029,5.34385e-029,
96.5,5.34385e-029,5.34385e-029,5.34385e-029,5.34385e-029,
96.6,5.34385e-029,5.34385e-029,5.34385e-029,5.34385e-029,
96.7,5.34385e-029,5.34385e-029,5.34385e-029,5.34385e-029,
96.8,5.34385e-029,5.34385e-029,5.34385e-029,5.34385e-029,
96.9,5.34385e-029,5.34385e-029,5.34385e-029,5.34385e-029,
97,5.34385e-029,5.34385e-029,5.34385e-029,5.34385e-029,
97.1,5.34385e-029,5.34385e-029,5.34385e-029,5.34385e-029,
97.2,5.34385e-029,5.34385e-029,5.34385e-029,5.34385e-029,
97.3,5.34385e-029,5.34385e-029,5.34385e-029,5.34385e-029,
97.4,5.34385e-029,5.34385e-029,5.34385e-029,5.34385e-029,
97.5,5.34385e-029,5.34385e-029,5.34385e-029,5.34385e-029,
97.6,5.34385e-029,5.34385e-029,5.34385e-029,5.34385e-029,
97.7,5.34385e-029,5.34385e-029,5.34385e-029,5.34385e-029,
97.8,5.34385e-029,5.34385e-029,5.34385e-029,5.34385e-029,
97.9,5.34385e-029,5.34385e-029,5.34385e-029,5.34385e-029,
98,5.34385e-029,5.34385e-029,5.34385e-029,5.34385e-029,
98.1,5.34385e-029,5.34385e-029,5.34385e-029,5.34385e-029,
98.2,5.34385e-029,5.34385e-029,5.34385e-029,5.34385e-029,
98.3,5.34385e-029,5.34385e-029,5.34385e-029,5.34385e-029,
98.4,5.34385e-029,5.34385e-029,5.34385e-029,5.34385e-029,
98.5,5.34385e-029,5.34385e-029,5.34385e-029,5.34385e-029,
98.6,5.34385e-029,5.34385e-029,5.34385e-029,5.34385e-029,
98.7,5.34385e-029,5.34385e-029,5.34385e-029,5.34385e-029,
98.8,5.34385e-029,5.34385e-029,5.34385e-029,5.34385e-029,
98.9,5.34385e-029,5.34385e-029,5.34385e-029,5.34385e-029,
99,5.34385e-029,5.34385e-029,5.34385e-029,5.34385e-029,
99.1,5.34385e-029,5.34385e-029,5.34385e-029,5.34385e-029,
99.2,5.34385e-029,5.34385e-029,5.34385e-029,5.34385e-029,
99.3,5.34385e-029,5.34385e-029,5.34385e-029,5.34385e-029,
99.4,5.34385e-029,5.34385e-029,5.34385e-029,5.34385e-029,
99.5,5.34385e-029,5.34385e-029,5.34385e-029,5.34385e-029,
99.6,5.34385e-029,5.34385e-029,5.34385e-029,5.34385e-029,
99.7,5.34385e-029,5.34385e-029,5.34385e-029,5.34385e-029,
99.8,5.34385e-029,5.34385e-029,5.34385e-029,5.34385e-029,
99.9,5.34385e-029,5.34385e-029,5.34385e-029,5.34385e-029,
100,5.34385e-029,5.34385e-029,5.34385e-029,5.34385e-029,
100.1,5.34385e-029,5.34385e-029,5.34385e-029,5.34385e-029,
100.2,5.34385e-029,5.34385e-029,5.34385e-029,5.34385e-029,
100.3,5.34385e-029,5.34385e-029,5.34385e-029,5.34385e-029,
100.4,5.34385e-029,5.34385e-029,5.34385e-029,5.34385e-029,
100.5,5.34385e-029,5.34385e-029,5.34385e-029,5.34385e-029,
100.6,5.34385e-029,5.34385e-029,5.34385e-029,5.34385e-029,
100.7,5.34385e-029,5.34385e-029,5.34385e-029,5.34385e-029,
100.8,5.34385e-029,5.34385e-029,5.34385e-029,5.34385e-029,
100.9,5.34385e-029,5.34385e-029,5.34385e-029,5.34385e-029,
101,5.34385e-029,5.34385e-029,5.34385e-029,5.34385e-029,
101.1,5.34385e-029,5.34385e-029,5.34385e-029,5.34385e-029,
101.2,5.34385e-029,5.34385e-029,5.34385e-029,5.34385e-029,
101.3,5.34385e-029,5.34385e-029,5.34385e-029,5.34385e-029,
101.4,5.34385e-029,5.34385e-029,5.34385e-029,5.34385e-029,
101.5,5.34385e-029,5.34385e-029,5.34385e-029,5.34385e-029,
101.6,5.34385e-029,5.34385e-029,5.34385e-029,5.34385e-029,
101.7,5.34385e-029,5.34385e-029,5.34385e-029,5.34385e-029,
101.8,5.34385e-029,5.34385e-029,5.34385e-029,5.34385e-029,
101.9,5.34385e-029,5.34385e-029,5.34385e-029,5.34385e-029,
102,5.34385e-029,5.34385e-029,5.34385e-029,5.34385e-029,
102.1,5.34385e-029,5.34385e-029,5.34385e-029,5.34385e-029,
102.2,5.34385e-029,5.34385e-029,5.34385e-029,5.34385e-029,
102.3,5.34385e-029,5.34385e-029,5.34385e-029,5.34385e-029,
102.4,5.34385e-029,5.34385e-029,5.34385e-029,5.34385e-029,
102.5,5.34385e-029,5.34385e-029,5.34385e-029,5.34385e-029,
102.6,5.34385e-029,5.34385e-029,5.34385e-029,5.34385e-029,
102.7,5.34385e-029,5.34385e-029,5.34385e-029,5.34385e-029,
102.8,5.34385e-029,5.34385e-029,5.34385e-029,5.34385e-029,
102.9,5.34385e-029,5.34385e-029,5.34385e-029,5.34385e-029,
103,5.34385e-029,5.34385e-029,5.34385e-029,5.34385e-029,
103.1,5.34385e-029,5.34385e-029,5.34385e-029,5.34385e-029,
103.2,5.34385e-029,5.34385e-029,5.34385e-029,5.34385e-029,
103.3,5.34385e-029,5.34385e-029,5.34385e-029,5.34385e-029,
103.4,5.34385e-029,5.34385e-029,5.34385e-029,5.34385e-029,
103.5,5.34385e-029,5.34385e-029,5.34385e-029,5.34385e-029,
103.6,5.34385e-029,5.34385e-029,5.34385e-029,5.34385e-029,
103.7,5.34385e-029,5.34385e-029,5.34385e-029,5.34385e-029,
103.8,5.34385e-029,5.34385e-029,5.34385e-029,5.34385e-029,
103.9,5.34385e-029,5.34385e-029,5.34385e-029,5.34385e-029,
104,5.34385e-029,5.34385e-029,5.34385e-029,5.34385e-029,
104.1,5.34385e-029,5.34385e-029,5.34385e-029,5.34385e-029,
104.2,5.34385e-029,5.34385e-029,5.34385e-029,5.34385e-029,
104.3,5.34385e-029,5.34385e-029,5.34385e-029,5.34385e-029,
104.4,5.34385e-029,5.34385e-029,5.34385e-029,5.34385e-029,
104.5,5.34385e-029,5.34385e-029,5.34385e-029,5.34385e-029,
104.6,5.34385e-029,5.34385e-029,5.34385e-029,5.34385e-029,
104.7,5.34385e-029,5.34385e-029,5.34385e-029,5.34385e-029,
104.8,5.34385e-029,5.34385e-029,5.34385e-029,5.34385e-029,
104.9,5.34385e-029,5.34385e-029,5.34385e-029,5.34385e-029,
105,5.34385e-029,5.34385e-029,5.34385e-029,5.34385e-029,
105.1,5.34385e-029,5.34385e-029,5.34385e-029,5.34385e-029,
105.2,5.34385e-029,5.34385e-029,5.34385e-029,5.34385e-029,
105.3,5.34385e-029,5.34385e-029,5.34385e-029,5.34385e-029,
105.4,5.34385e-029,5.34385e-029,5.34385e-029,5.34385e-029,
105.5,5.34385e-029,5.34385e-029,5.34385e-029,5.34385e-029,
105.6,5.34385e-029,5.34385e-029,5.34385e-029,5.34385e-029,
105.7,5.34385e-029,5.34385e-029,5.34385e-029,5.34385e-029,
105.8,5.34385e-029,5.34385e-029,5.34385e-029,5.34385e-029,
105.9,5.34385e-029,5.34385e-029,5.34385e-029,5.34385e-029,
106,5.34385e-029,5.34385e-029,5.34385e-029,5.34385e-029,
106.1,5.34385e-029,5.34385e-029,5.34385e-029,5.34385e-029,
106.2,5.34385e-029,5.34385e-029,5.34385e-029,5.34385e-029,
106.3,5.34385e-029,5.34385e-029,5.34385e-029,5.34385e-029,
106.4,5.34385e-029,5.34385e-029,5.34385e-029,5.34385e-029,
106.5,5.34385e-029,5.34385e-029,5.34385e-029,5.34385e-029,
106.6,5.34385e-029,5.34385e-029,5.34385e-029,5.34385e-029,
106.7,5.34385e-029,5.34385e-029,5.34385e-029,5.34385e-029,
106.8,5.34385e-029,5.34385e-029,5.34385e-029,5.34385e-029,
106.9,5.34385e-029,5.34385e-029,5.34385e-029,5.34385e-029,
107,5.34385e-029,5.34385e-029,5.34385e-029,5.34385e-029,
107.1,5.34385e-029,5.34385e-029,5.34385e-029,5.34385e-029,
107.2,5.34385e-029,5.34385e-029,5.34385e-029,5.34385e-029,
107.3,5.34385e-029,5.34385e-029,5.34385e-029,5.34385e-029,
107.4,5.34385e-029,5.34385e-029,5.34385e-029,5.34385e-029,
107.5,5.34385e-029,5.34385e-029,5.34385e-029,5.34385e-029,
107.6,5.34385e-029,5.34385e-029,5.34385e-029,5.34385e-029,
107.7,5.34385e-029,5.34385e-029,5.34385e-029,5.34385e-029,
107.8,5.34385e-029,5.34385e-029,5.34385e-029,5.34385e-029,
107.9,5.34385e-029,5.34385e-029,5.34385e-029,5.34385e-029,
108,5.34385e-029,5.34385e-029,5.34385e-029,5.34385e-029,
108.1,5.34385e-029,5.34385e-029,5.34385e-029,5.34385e-029,
108.2,5.34385e-029,5.34385e-029,5.34385e-029,5.34385e-029,
108.3,5.34385e-029,5.34385e-029,5.34385e-029,5.34385e-029,
108.4,5.34385e-029,5.34385e-029,5.34385e-029,5.34385e-029,
108.5,5.34385e-029,5.34385e-029,5.34385e-029,5.34385e-029,
108.6,5.34385e-029,5.34385e-029,5.34385e-029,5.34385e-029,
108.7,5.34385e-029,5.34385e-029,5.34385e-029,5.34385e-029,
108.8,5.34385e-029,5.34385e-029,5.34385e-029,5.34385e-029,
108.9,5.34385e-029,5.34385e-029,5.34385e-029,5.34385e-029,
109,5.34385e-029,5.34385e-029,5.34385e-029,5.34385e-029,
109.1,5.34385e-029,5.34385e-029,5.34385e-029,5.34385e-029,
109.2,5.34385e-029,5.34385e-029,5.34385e-029,5.34385e-029,
109.3,5.34385e-029,5.34385e-029,5.34385e-029,5.34385e-029,
109.4,5.34385e-029,5.34385e-029,5.34385e-029,5.34385e-029,
109.5,5.34385e-029,5.34385e-029,5.34385e-029,5.34385e-029,
109.6,5.34385e-029,5.34385e-029,5.34385e-029,5.34385e-029,
109.7,5.34385e-029,5.34385e-029,5.34385e-029,5.34385e-029,
109.8,5.34385e-029,5.34385e-029,5.34385e-029,5.34385e-029,
109.9,5.34385e-029,5.34385e-029,5.34385e-029,5.34385e-029,
110,5.34385e-029,5.34385e-029,5.34385e-029,5.34385e-029,
110.1,5.34385e-029,5.34385e-029,5.34385e-029,5.34385e-029,
110.2,5.34385e-029,5.34385e-029,5.34385e-029,5.34385e-029,
110.3,5.34385e-029,5.34385e-029,5.34385e-029,5.34385e-029,
110.4,5.34385e-029,5.34385e-029,5.34385e-029,5.34385e-029,
110.5,5.34385e-029,5.34385e-029,5.34385e-029,5.34385e-029,
110.6,5.34385e-029,5.34385e-029,5.34385e-029,5.34385e-029,
110.7,5.34385e-029,5.34385e-029,5.34385e-029,5.34385e-029,
110.8,5.34385e-029,5.34385e-029,5.34385e-029,5.34385e-029,
110.9,5.34385e-029,5.34385e-029,5.34385e-029,5.34385e-029,
111,5.34385e-029,5.34385e-029,5.34385e-029,5.34385e-029,
111.1,5.34385e-029,5.34385e-029,5.34385e-029,5.34385e-029,
111.2,5.34385e-029,5.34385e-029,5.34385e-029,5.34385e-029,
111.3,5.34385e-029,5.34385e-029,5.34385e-029,5.34385e-029,
111.4,5.34385e-029,5.34385e-029,5.34385e-029,5.34385e-029,
111.5,5.34385e-029,5.34385e-029,5.34385e-029,5.34385e-029,
111.6,5.34385e-029,5.34385e-029,5.34385e-029,5.34385e-029,
111.7,5.34385e-029,5.34385e-029,5.34385e-029,5.34385e-029,
111.8,5.34385e-029,5.34385e-029,5.34385e-029,5.34385e-029,
111.9,5.34385e-029,5.34385e-029,5.34385e-029,5.34385e-029,
112,5.34385e-029,5.34385e-029,5.34385e-029,5.34385e-029,
112.1,5.34385e-029,5.34385e-029,5.34385e-029,5.34385e-029,
112.2,5.34385e-029,5.34385e-029,5.34385e-029,5.34385e-029,
112.3,5.34385e-029,5.34385e-029,5.34385e-029,5.34385e-029,
112.4,5.34385e-029,5.34385e-029,5.34385e-029,5.34385e-029,
112.5,5.34385e-029,5.34385e-029,5.34385e-029,5.34385e-029,
112.6,5.34385e-029,5.34385e-029,5.34385e-029,5.34385e-029,
112.7,5.34385e-029,5.34385e-029,5.34385e-029,5.34385e-029,
112.8,5.34385e-029,5.34385e-029,5.34385e-029,5.34385e-029,
112.9,5.34385e-029,5.34385e-029,5.34385e-029,5.34385e-029,
113,5.34385e-029,5.34385e-029,5.34385e-029,5.34385e-029,
113.1,5.34385e-029,5.34385e-029,5.34385e-029,5.34385e-029,
113.2,5.34385e-029,5.34385e-029,5.34385e-029,5.34385e-029,
113.3,5.34385e-029,5.34385e-029,5.34385e-029,5.34385e-029,
113.4,5.34385e-029,5.34385e-029,5.34385e-029,5.34385e-029,
113.5,5.34385e-029,5.34385e-029,5.34385e-029,5.34385e-029,
113.6,5.34385e-029,5.34385e-029,5.34385e-029,5.34385e-029,
113.7,5.34385e-029,5.34385e-029,5.34385e-029,5.34385e-029,
113.8,5.34385e-029,5.34385e-029,5.34385e-029,5.34385e-029,
113.9,5.34385e-029,5.34385e-029,5.34385e-029,5.34385e-029,
114,5.34385e-029,5.34385e-029,5.34385e-029,5.34385e-029,
114.1,5.34385e-029,5.34385e-029,5.34385e-029,5.34385e-029,
114.2,5.34385e-029,5.34385e-029,5.34385e-029,5.34385e-029,
114.3,5.34385e-029,5.34385e-029,5.34385e-029,5.34385e-029,
114.4,5.34385e-029,5.34385e-029,5.34385e-029,5.34385e-029,
114.5,5.34385e-029,5.34385e-029,5.34385e-029,5.34385e-029,
114.6,5.34385e-029,5.34385e-029,5.34385e-029,5.34385e-029,
114.7,5.34385e-029,5.34385e-029,5.34385e-029,5.34385e-029,
114.8,5.34385e-029,5.34385e-029,5.34385e-029,5.34385e-029,
114.9,5.34385e-029,5.34385e-029,5.34385e-029,5.34385e-029,
115,5.34385e-029,5.34385e-029,5.34385e-029,5.34385e-029,
115.1,5.34385e-029,5.34385e-029,5.34385e-029,5.34385e-029,
115.2,5.34385e-029,5.34385e-029,5.34385e-029,5.34385e-029,
115.3,5.34385e-029,5.34385e-029,5.34385e-029,5.34385e-029,
115.4,5.34385e-029,5.34385e-029,5.34385e-029,5.34385e-029,
115.5,5.34385e-029,5.34385e-029,5.34385e-029,5.34385e-029,
115.6,5.34385e-029,5.34385e-029,5.34385e-029,5.34385e-029,
115.7,5.34385e-029,5.34385e-029,5.34385e-029,5.34385e-029,
115.8,5.34385e-029,5.34385e-029,5.34385e-029,5.34385e-029,
115.9,5.34385e-029,5.34385e-029,5.34385e-029,5.34385e-029,
116,5.34385e-029,5.34385e-029,5.34385e-029,5.34385e-029,
116.1,5.34385e-029,5.34385e-029,5.34385e-029,5.34385e-029,
116.2,5.34385e-029,5.34385e-029,5.34385e-029,5.34385e-029,
116.3,5.34385e-029,5.34385e-029,5.34385e-029,5.34385e-029,
116.4,5.34385e-029,5.34385e-029,5.34385e-029,5.34385e-029,
116.5,5.34385e-029,5.34385e-029,5.34385e-029,5.34385e-029,
116.6,5.34385e-029,5.34385e-029,5.34385e-029,5.34385e-029,
116.7,5.34385e-029,5.34385e-029,5.34385e-029,5.34385e-029,
116.8,5.34385e-029,5.34385e-029,5.34385e-029,5.34385e-029,
116.9,5.34385e-029,5.34385e-029,5.34385e-029,5.34385e-029,
117,5.34385e-029,5.34385e-029,5.34385e-029,5.34385e-029,
117.1,5.34385e-029,5.34385e-029,5.34385e-029,5.34385e-029,
117.2,5.34385e-029,5.34385e-029,5.34385e-029,5.34385e-029,
117.3,5.34385e-029,5.34385e-029,5.34385e-029,5.34385e-029,
117.4,5.34385e-029,5.34385e-029,5.34385e-029,5.34385e-029,
117.5,5.34385e-029,5.34385e-029,5.34385e-029,5.34385e-029,
117.6,5.34385e-029,5.34385e-029,5.34385e-029,5.34385e-029,
117.7,5.34385e-029,5.34385e-029,5.34385e-029,5.34385e-029,
117.8,5.34385e-029,5.34385e-029,5.34385e-029,5.34385e-029,
117.9,5.34385e-029,5.34385e-029,5.34385e-029,5.34385e-029,
118,5.34385e-029,5.34385e-029,5.34385e-029,5.34385e-029,
118.1,5.34385e-029,5.34385e-029,5.34385e-029,5.34385e-029,
118.2,5.34385e-029,5.34385e-029,5.34385e-029,5.34385e-029,
118.3,5.34385e-029,5.34385e-029,5.34385e-029,5.34385e-029,
118.4,5.34385e-029,5.34385e-029,5.34385e-029,5.34385e-029,
118.5,5.34385e-029,5.34385e-029,5.34385e-029,5.34385e-029,
118.6,5.34385e-029,5.34385e-029,5.34385e-029,5.34385e-029,
118.7,5.34385e-029,5.34385e-029,5.34385e-029,5.34385e-029,
118.8,5.34385e-029,5.34385e-029,5.34385e-029,5.34385e-029,
118.9,5.34385e-029,5.34385e-029,5.34385e-029,5.34385e-029,
119,5.34385e-029,5.34385e-029,5.34385e-029,5.34385e-029,
119.1,5.34385e-029,5.34385e-029,5.34385e-029,5.34385e-029,
119.2,5.34385e-029,5.34385e-029,5.34385e-029,5.34385e-029,
119.3,5.34385e-029,5.34385e-029,5.34385e-029,5.34385e-029,
119.4,5.34385e-029,5.34385e-029,5.34385e-029,5.34385e-029,
119.5,5.34385e-029,5.34385e-029,5.34385e-029,5.34385e-029,
119.6,5.34385e-029,5.34385e-029,5.34385e-029,5.34385e-029,
119.7,5.34385e-029,5.34385e-029,5.34385e-029,5.34385e-029,
119.8,5.34385e-029,5.34385e-029,5.34385e-029,5.34385e-029,
119.9,5.34385e-029,5.34385e-029,5.34385e-029,5.34385e-029,
120,5.34385e-029,5.34385e-029,5.34385e-029,5.34385e-029,
120.1,5.34385e-029,5.34385e-029,5.34385e-029,5.34385e-029,
120.2,5.34385e-029,5.34385e-029,5.34385e-029,5.34385e-029,
120.3,5.34385e-029,5.34385e-029,5.34385e-029,5.34385e-029,
120.4,5.34385e-029,5.34385e-029,5.34385e-029,5.34385e-029,
120.5,5.34385e-029,5.34385e-029,5.34385e-029,5.34385e-029,
120.6,5.34385e-029,5.34385e-029,5.34385e-029,5.34385e-029,
120.7,5.34385e-029,5.34385e-029,5.34385e-029,5.34385e-029,
120.8,5.34385e-029,5.34385e-029,5.34385e-029,5.34385e-029,
120.9,5.34385e-029,5.34385e-029,5.34385e-029,5.34385e-029,
121,5.34385e-029,5.34385e-029,5.34385e-029,5.34385e-029,
121.1,5.34385e-029,5.34385e-029,5.34385e-029,5.34385e-029,
121.2,5.34385e-029,5.34385e-029,5.34385e-029,5.34385e-029,
121.3,5.34385e-029,5.34385e-029,5.34385e-029,5.34385e-029,
121.4,5.34385e-029,5.34385e-029,5.34385e-029,5.34385e-029,
121.5,5.34385e-029,5.34385e-029,5.34385e-029,5.34385e-029,
121.6,5.34385e-029,5.34385e-029,5.34385e-029,5.34385e-029,
121.7,5.34385e-029,5.34385e-029,5.34385e-029,5.34385e-029,
121.8,5.34385e-029,5.34385e-029,5.34385e-029,5.34385e-029,
121.9,5.34385e-029,5.34385e-029,5.34385e-029,5.34385e-029,
122,5.34385e-029,5.34385e-029,5.34385e-029,5.34385e-029,
122.1,5.34385e-029,5.34385e-029,5.34385e-029,5.34385e-029,
122.2,5.34385e-029,5.34385e-029,5.34385e-029,5.34385e-029,
122.3,5.34385e-029,5.34385e-029,5.34385e-029,5.34385e-029,
122.4,5.34385e-029,5.34385e-029,5.34385e-029,5.34385e-029,
122.5,5.34385e-029,5.34385e-029,5.34385e-029,5.34385e-029,
122.6,5.34385e-029,5.34385e-029,5.34385e-029,5.34385e-029,
122.7,5.34385e-029,5.34385e-029,5.34385e-029,5.34385e-029,
122.8,5.34385e-029,5.34385e-029,5.34385e-029,5.34385e-029,
122.9,5.34385e-029,5.34385e-029,5.34385e-029,5.34385e-029,
123,5.34385e-029,5.34385e-029,5.34385e-029,5.34385e-029,
123.1,5.34385e-029,5.34385e-029,5.34385e-029,5.34385e-029,
123.2,5.34385e-029,5.34385e-029,5.34385e-029,5.34385e-029,
123.3,5.34385e-029,5.34385e-029,5.34385e-029,5.34385e-029,
123.4,5.34385e-029,5.34385e-029,5.34385e-029,5.34385e-029,
123.5,5.34385e-029,5.34385e-029,5.34385e-029,5.34385e-029,
123.6,5.34385e-029,5.34385e-029,5.34385e-029,5.34385e-029,
123.7,5.34385e-029,5.34385e-029,5.34385e-029,5.34385e-029,
123.8,5.34385e-029,5.34385e-029,5.34385e-029,5.34385e-029,
123.9,5.34385e-029,5.34385e-029,5.34385e-029,5.34385e-029,
124,5.34385e-029,5.34385e-029,5.34385e-029,5.34385e-029,
124.1,5.34385e-029,5.34385e-029,5.34385e-029,5.34385e-029,
124.2,5.34385e-029,5.34385e-029,5.34385e-029,5.34385e-029,
124.3,5.34385e-029,5.34385e-029,5.34385e-029,5.34385e-029,
124.4,5.34385e-029,5.34385e-029,5.34385e-029,5.34385e-029,
124.5,5.34385e-029,5.34385e-029,5.34385e-029,5.34385e-029,
124.6,5.34385e-029,5.34385e-029,5.34385e-029,5.34385e-029,
124.7,5.34385e-029,5.34385e-029,5.34385e-029,5.34385e-029,
124.8,5.34385e-029,5.34385e-029,5.34385e-029,5.34385e-029,
124.9,5.34385e-029,5.34385e-029,5.34385e-029,5.34385e-029,
125,5.34385e-029,5.34385e-029,5.34385e-029,5.34385e-029,
125.1,5.34385e-029,5.34385e-029,5.34385e-029,5.34385e-029,
125.2,5.34385e-029,5.34385e-029,5.34385e-029,5.34385e-029,
125.3,5.34385e-029,5.34385e-029,5.34385e-029,5.34385e-029,
125.4,5.34385e-029,5.34385e-029,5.34385e-029,5.34385e-029,
125.5,5.34385e-029,5.34385e-029,5.34385e-029,5.34385e-029,
125.6,5.34385e-029,5.34385e-029,5.34385e-029,5.34385e-029,
125.7,5.34385e-029,5.34385e-029,5.34385e-029,5.34385e-029,
125.8,5.34385e-029,5.34385e-029,5.34385e-029,5.34385e-029,
125.9,5.34385e-029,5.34385e-029,5.34385e-029,5.34385e-029,
126,5.34385e-029,5.34385e-029,5.34385e-029,5.34385e-029,
126.1,5.34385e-029,5.34385e-029,5.34385e-029,5.34385e-029,
126.2,5.34385e-029,5.34385e-029,5.34385e-029,5.34385e-029,
126.3,5.34385e-029,5.34385e-029,5.34385e-029,5.34385e-029,
126.4,5.34385e-029,5.34385e-029,5.34385e-029,5.34385e-029,
126.5,5.34385e-029,5.34385e-029,5.34385e-029,5.34385e-029,
126.6,5.34385e-029,5.34385e-029,5.34385e-029,5.34385e-029,
126.7,5.34385e-029,5.34385e-029,5.34385e-029,5.34385e-029,
126.8,5.34385e-029,5.34385e-029,5.34385e-029,5.34385e-029,
126.9,5.34385e-029,5.34385e-029,5.34385e-029,5.34385e-029,
127,5.34385e-029,5.34385e-029,5.34385e-029,5.34385e-029,
127.1,5.34385e-029,5.34385e-029,5.34385e-029,5.34385e-029,
127.2,5.34385e-029,5.34385e-029,5.34385e-029,5.34385e-029,
127.3,5.34385e-029,5.34385e-029,5.34385e-029,5.34385e-029,
127.4,5.34385e-029,5.34385e-029,5.34385e-029,5.34385e-029,
127.5,5.34385e-029,5.34385e-029,5.34385e-029,5.34385e-029,
127.6,5.34385e-029,5.34385e-029,5.34385e-029,5.34385e-029,
127.7,5.34385e-029,5.34385e-029,5.34385e-029,5.34385e-029,
127.8,5.34385e-029,5.34385e-029,5.34385e-029,5.34385e-029,
127.9,5.34385e-029,5.34385e-029,5.34385e-029,5.34385e-029,
