O1: -1.#IND    -1.#IND
O1: 1.#INF    1.#INF    1.#INF
O2: -1.#IND    -1.#IND
O2: 1.#INF    1.#INF    1.#INF
P7: -1.#IND    -1.#IND
P7: 1.#INF    1.#INF    1.#INF
P8: -1.#IND    -1.#IND
P8: 1.#INF    1.#INF    1.#INF

O1: -1.#IND    -1.#IND
1.#INF    1.#INF    1.#INF
O2: -1.#IND    -1.#IND
1.#INF    1.#INF    1.#INF
P7: -1.#IND    -1.#IND
1.#INF    1.#INF    1.#INF
P8: -1.#IND    -1.#IND
1.#INF    1.#INF    1.#INF

O1: -1.#IND    -1.#IND
O1: 1.#INF    1.#INF    1.#INF
O2: -1.#IND    -1.#IND
O2: 1.#INF    1.#INF    1.#INF
P7: -1.#IND    -1.#IND
P7: 1.#INF    1.#INF    1.#INF
P8: -1.#IND    -1.#IND
P8: 1.#INF    1.#INF    1.#INF

O1: -1.#IND    -1.#IND
1.#INF    1.#INF    1.#INF
O2: -1.#IND    -1.#IND
1.#INF    1.#INF    1.#INF
P7: -1.#IND    -1.#IND
1.#INF    1.#INF    1.#INF
P8: -1.#IND    -1.#IND
1.#INF    1.#INF    1.#INF

O1: -1.#IND    -1.#IND
O1: 1.#INF    1.#INF    1.#INF
O2: -1.#IND    -1.#IND
O2: 1.#INF    1.#INF    1.#INF
P7: -1.#IND    -1.#IND
P7: 1.#INF    1.#INF    1.#INF
P8: -1.#IND    -1.#IND
P8: 1.#INF    1.#INF    1.#INF

O1: -1.#IND    -1.#IND
1.#INF    1.#INF    1.#INF
O2: -1.#IND    -1.#IND
1.#INF    1.#INF    1.#INF
P7: -1.#IND    -1.#IND
1.#INF    1.#INF    1.#INF
P8: -1.#IND    -1.#IND
1.#INF    1.#INF    1.#INF

O1: -1.#IND    -1.#IND
O1: 1.#INF    1.#INF    1.#INF
O2: -1.#IND    -1.#IND
O2: 1.#INF    1.#INF    1.#INF
P7: -1.#IND    -1.#IND
P7: 1.#INF    1.#INF    1.#INF
P8: -1.#IND    -1.#IND
P8: 1.#INF    1.#INF    1.#INF

O1: -1.#IND    -1.#IND
1.#INF    1.#INF    1.#INF
O2: -1.#IND    -1.#IND
1.#INF    1.#INF    1.#INF
P7: -1.#IND    -1.#IND
1.#INF    1.#INF    1.#INF
P8: -1.#IND    -1.#IND
1.#INF    1.#INF    1.#INF

O1: -1.#IND    -1.#IND
O1: 1.#INF    1.#INF    1.#INF
O2: -1.#IND    -1.#IND
O2: 1.#INF    1.#INF    1.#INF
P7: -1.#IND    -1.#IND
P7: 1.#INF    1.#INF    1.#INF
P8: -1.#IND    -1.#IND
P8: 1.#INF    1.#INF    1.#INF

O1: -1.#IND    -1.#IND
1.#INF    1.#INF    1.#INF
O2: -1.#IND    -1.#IND
1.#INF    1.#INF    1.#INF
P7: -1.#IND    -1.#IND
1.#INF    1.#INF    1.#INF
P8: -1.#IND    -1.#IND
1.#INF    1.#INF    1.#INF

O1: -1.#IND    -1.#IND
O1: 1.#INF    1.#INF    1.#INF
O2: -1.#IND    -1.#IND
O2: 1.#INF    1.#INF    1.#INF
P7: -1.#IND    -1.#IND
P7: 1.#INF    1.#INF    1.#INF
P8: -1.#IND    -1.#IND
P8: 1.#INF    1.#INF    1.#INF

O1: -1.#IND    -1.#IND
1.#INF    1.#INF    1.#INF
O2: -1.#IND    -1.#IND
1.#INF    1.#INF    1.#INF
P7: -1.#IND    -1.#IND
1.#INF    1.#INF    1.#INF
P8: -1.#IND    -1.#IND
1.#INF    1.#INF    1.#INF

O1: -1.#IND    -1.#IND
O1: 1.#INF    1.#INF    1.#INF
O2: -1.#IND    -1.#IND
O2: 1.#INF    1.#INF    1.#INF
P7: -1.#IND    -1.#IND
P7: 1.#INF    1.#INF    1.#INF
P8: -1.#IND    -1.#IND
P8: 1.#INF    1.#INF    1.#INF

O1: -1.#IND    -1.#IND
1.#INF    1.#INF    1.#INF
O2: -1.#IND    -1.#IND
1.#INF    1.#INF    1.#INF
P7: -1.#IND    -1.#IND
1.#INF    1.#INF    1.#INF
P8: -1.#IND    -1.#IND
1.#INF    1.#INF    1.#INF

O1: -1.#IND    -1.#IND
O1: 1.#INF    1.#INF    1.#INF
O2: -1.#IND    -1.#IND
O2: 1.#INF    1.#INF    1.#INF
P7: -1.#IND    -1.#IND
P7: 1.#INF    1.#INF    1.#INF
P8: -1.#IND    -1.#IND
P8: 1.#INF    1.#INF    1.#INF

O1: -1.#IND    -1.#IND
1.#INF    1.#INF    1.#INF
O2: -1.#IND    -1.#IND
1.#INF    1.#INF    1.#INF
P7: -1.#IND    -1.#IND
1.#INF    1.#INF    1.#INF
P8: -1.#IND    -1.#IND
1.#INF    1.#INF    1.#INF

O1: -1.#IND    -1.#IND
O1: 1.#INF    1.#INF    1.#INF
O2: -1.#IND    -1.#IND
O2: 1.#INF    1.#INF    1.#INF
P7: -1.#IND    -1.#IND
P7: 1.#INF    1.#INF    1.#INF
P8: -1.#IND    -1.#IND
P8: 1.#INF    1.#INF    1.#INF

O1: -1.#IND    -1.#IND
1.#INF    1.#INF    1.#INF
O2: -1.#IND    -1.#IND
1.#INF    1.#INF    1.#INF
P7: -1.#IND    -1.#IND
1.#INF    1.#INF    1.#INF
P8: -1.#IND    -1.#IND
1.#INF    1.#INF    1.#INF

O1: -1.#IND    -1.#IND
O1: 1.#INF    1.#INF    1.#INF
O2: -1.#IND    -1.#IND
O2: 1.#INF    1.#INF    1.#INF
P7: -1.#IND    -1.#IND
P7: 1.#INF    1.#INF    1.#INF
P8: -1.#IND    -1.#IND
P8: 1.#INF    1.#INF    1.#INF

O1: -1.#IND    -1.#IND
1.#INF    1.#INF    1.#INF
O2: -1.#IND    -1.#IND
1.#INF    1.#INF    1.#INF
P7: -1.#IND    -1.#IND
1.#INF    1.#INF    1.#INF
P8: -1.#IND    -1.#IND
1.#INF    1.#INF    1.#INF

O1: -1.#IND    -1.#IND
O1: 1.#INF    1.#INF    1.#INF
O2: -1.#IND    -1.#IND
O2: 1.#INF    1.#INF    1.#INF
P7: -1.#IND    -1.#IND
P7: 1.#INF    1.#INF    1.#INF
P8: -1.#IND    -1.#IND
P8: 1.#INF    1.#INF    1.#INF

O1: -1.#IND    -1.#IND
1.#INF    1.#INF    1.#INF
O2: -1.#IND    -1.#IND
1.#INF    1.#INF    1.#INF
P7: -1.#IND    -1.#IND
1.#INF    1.#INF    1.#INF
P8: -1.#IND    -1.#IND
1.#INF    1.#INF    1.#INF

O1: -1.#IND    -1.#IND
O1: 1.#INF    1.#INF    1.#INF
O2: -1.#IND    -1.#IND
O2: 1.#INF    1.#INF    1.#INF
P7: -1.#IND    -1.#IND
P7: 1.#INF    1.#INF    1.#INF
P8: -1.#IND    -1.#IND
P8: 1.#INF    1.#INF    1.#INF

O1: -1.#IND    -1.#IND
1.#INF    1.#INF    1.#INF
O2: -1.#IND    -1.#IND
1.#INF    1.#INF    1.#INF
P7: -1.#IND    -1.#IND
1.#INF    1.#INF    1.#INF
P8: -1.#IND    -1.#IND
1.#INF    1.#INF    1.#INF

O1: -1.#IND    -1.#IND
O1: 1.#INF    1.#INF    1.#INF
O2: -1.#IND    -1.#IND
O2: 1.#INF    1.#INF    1.#INF
P7: -1.#IND    -1.#IND
P7: 1.#INF    1.#INF    1.#INF
P8: -1.#IND    -1.#IND
P8: 1.#INF    1.#INF    1.#INF

O1: -1.#IND    -1.#IND
1.#INF    1.#INF    1.#INF
O2: -1.#IND    -1.#IND
1.#INF    1.#INF    1.#INF
P7: -1.#IND    -1.#IND
1.#INF    1.#INF    1.#INF
P8: -1.#IND    -1.#IND
1.#INF    1.#INF    1.#INF

O1: -1.#IND    -1.#IND
O1: 1.#INF    1.#INF    1.#INF
O2: -1.#IND    -1.#IND
O2: 1.#INF    1.#INF    1.#INF
P7: -1.#IND    -1.#IND
P7: 1.#INF    1.#INF    1.#INF
P8: -1.#IND    -1.#IND
P8: 1.#INF    1.#INF    1.#INF

O1: -1.#IND    -1.#IND
1.#INF    1.#INF    1.#INF
O2: -1.#IND    -1.#IND
1.#INF    1.#INF    1.#INF
P7: -1.#IND    -1.#IND
1.#INF    1.#INF    1.#INF
P8: -1.#IND    -1.#IND
1.#INF    1.#INF    1.#INF

O1: -1.#IND    -1.#IND
O1: 1.#INF    1.#INF    1.#INF
O2: -1.#IND    -1.#IND
O2: 1.#INF    1.#INF    1.#INF
P7: -1.#IND    -1.#IND
P7: 1.#INF    1.#INF    1.#INF
P8: -1.#IND    -1.#IND
P8: 1.#INF    1.#INF    1.#INF

O1: -1.#IND    -1.#IND
1.#INF    1.#INF    1.#INF
O2: -1.#IND    -1.#IND
1.#INF    1.#INF    1.#INF
P7: -1.#IND    -1.#IND
1.#INF    1.#INF    1.#INF
P8: -1.#IND    -1.#IND
1.#INF    1.#INF    1.#INF

O1: -1.#IND    -1.#IND
O1: 1.#INF    1.#INF    1.#INF
O2: -1.#IND    -1.#IND
O2: 1.#INF    1.#INF    1.#INF
P7: -1.#IND    -1.#IND
P7: 1.#INF    1.#INF    1.#INF
P8: -1.#IND    -1.#IND
P8: 1.#INF    1.#INF    1.#INF

O1: -1.#IND    -1.#IND
1.#INF    1.#INF    1.#INF
O2: -1.#IND    -1.#IND
1.#INF    1.#INF    1.#INF
P7: -1.#IND    -1.#IND
1.#INF    1.#INF    1.#INF
P8: -1.#IND    -1.#IND
1.#INF    1.#INF    1.#INF

O1: -1.#IND    -1.#IND
O1: 1.#INF    1.#INF    1.#INF
O2: -1.#IND    -1.#IND
O2: 1.#INF    1.#INF    1.#INF
P7: -1.#IND    -1.#IND
P7: 1.#INF    1.#INF    1.#INF
P8: -1.#IND    -1.#IND
P8: 1.#INF    1.#INF    1.#INF

O1: -1.#IND    -1.#IND
1.#INF    1.#INF    1.#INF
O2: -1.#IND    -1.#IND
1.#INF    1.#INF    1.#INF
P7: -1.#IND    -1.#IND
1.#INF    1.#INF    1.#INF
P8: -1.#IND    -1.#IND
1.#INF    1.#INF    1.#INF

O1: -1.#IND    -1.#IND
O1: 1.#INF    1.#INF    1.#INF
O2: -1.#IND    -1.#IND
O2: 1.#INF    1.#INF    1.#INF
P7: -1.#IND    -1.#IND
P7: 1.#INF    1.#INF    1.#INF
P8: -1.#IND    -1.#IND
P8: 1.#INF    1.#INF    1.#INF

O1: -1.#IND    -1.#IND
1.#INF    1.#INF    1.#INF
O2: -1.#IND    -1.#IND
1.#INF    1.#INF    1.#INF
P7: -1.#IND    -1.#IND
1.#INF    1.#INF    1.#INF
P8: -1.#IND    -1.#IND
1.#INF    1.#INF    1.#INF

O1: -1.#IND    -1.#IND
O1: 1.#INF    1.#INF    1.#INF
O2: -1.#IND    -1.#IND
O2: 1.#INF    1.#INF    1.#INF
P7: -1.#IND    -1.#IND
P7: 1.#INF    1.#INF    1.#INF
P8: -1.#IND    -1.#IND
P8: 1.#INF    1.#INF    1.#INF

O1: -1.#IND    -1.#IND
1.#INF    1.#INF    1.#INF
O2: -1.#IND    -1.#IND
1.#INF    1.#INF    1.#INF
P7: -1.#IND    -1.#IND
1.#INF    1.#INF    1.#INF
P8: -1.#IND    -1.#IND
1.#INF    1.#INF    1.#INF

O1: -1.#IND    -1.#IND
O1: 1.#INF    1.#INF    1.#INF
O2: -1.#IND    -1.#IND
O2: 1.#INF    1.#INF    1.#INF
P7: -1.#IND    -1.#IND
P7: 1.#INF    1.#INF    1.#INF
P8: -1.#IND    -1.#IND
P8: 1.#INF    1.#INF    1.#INF

O1: -1.#IND    -1.#IND
1.#INF    1.#INF    1.#INF
O2: -1.#IND    -1.#IND
1.#INF    1.#INF    1.#INF
P7: -1.#IND    -1.#IND
1.#INF    1.#INF    1.#INF
P8: -1.#IND    -1.#IND
1.#INF    1.#INF    1.#INF

O1: -1.#IND    -1.#IND
O1: 1.#INF    1.#INF    1.#INF
O2: -1.#IND    -1.#IND
O2: 1.#INF    1.#INF    1.#INF
P7: -1.#IND    -1.#IND
P7: 1.#INF    1.#INF    1.#INF
P8: -1.#IND    -1.#IND
P8: 1.#INF    1.#INF    1.#INF

O1: -1.#IND    -1.#IND
1.#INF    1.#INF    1.#INF
O2: -1.#IND    -1.#IND
1.#INF    1.#INF    1.#INF
P7: -1.#IND    -1.#IND
1.#INF    1.#INF    1.#INF
P8: -1.#IND    -1.#IND
1.#INF    1.#INF    1.#INF

O1: -1.#IND    -1.#IND
O1: 1.#INF    1.#INF    1.#INF
O2: -1.#IND    -1.#IND
O2: 1.#INF    1.#INF    1.#INF
P7: -1.#IND    -1.#IND
P7: 1.#INF    1.#INF    1.#INF
P8: -1.#IND    -1.#IND
P8: 1.#INF    1.#INF    1.#INF

O1: -1.#IND    -1.#IND
1.#INF    1.#INF    1.#INF
O2: -1.#IND    -1.#IND
1.#INF    1.#INF    1.#INF
P7: -1.#IND    -1.#IND
1.#INF    1.#INF    1.#INF
P8: -1.#IND    -1.#IND
1.#INF    1.#INF    1.#INF

O1: -1.#IND    -1.#IND
O1: 1.#INF    1.#INF    1.#INF
O2: -1.#IND    -1.#IND
O2: 1.#INF    1.#INF    1.#INF
P7: -1.#IND    -1.#IND
P7: 1.#INF    1.#INF    1.#INF
P8: -1.#IND    -1.#IND
P8: 1.#INF    1.#INF    1.#INF

O1: -1.#IND    -1.#IND
1.#INF    1.#INF    1.#INF
O2: -1.#IND    -1.#IND
1.#INF    1.#INF    1.#INF
P7: -1.#IND    -1.#IND
1.#INF    1.#INF    1.#INF
P8: -1.#IND    -1.#IND
1.#INF    1.#INF    1.#INF

O1: -1.#QNAN    -1.#QNAN
O1: -1.#QNAN    -1.#QNAN    -1.#QNAN
O2: -1.#QNAN    -1.#QNAN
O2: -1.#QNAN    -1.#QNAN    -1.#QNAN
P7: -1.#QNAN    -1.#QNAN
P7: -1.#QNAN    -1.#QNAN    -1.#QNAN
P8: -1.#IND    -1.#IND
P8: 1.#INF    1.#INF    1.#INF

O1: 1.#QNAN    1.#QNAN
1.#QNAN    1.#QNAN    -1.#QNAN
O2: 1.#QNAN    1.#QNAN
1.#QNAN    1.#QNAN    -1.#QNAN
P7: 1.#QNAN    1.#QNAN
1.#QNAN    1.#QNAN    -1.#QNAN
P8: -1.#IND    -1.#IND
1.#INF    1.#INF    1.#INF

O1: -1.#IND    -1.#IND
O1: 1.#INF    1.#INF    1.#INF
O2: -1.#IND    -1.#IND
O2: 1.#INF    1.#INF    1.#INF
P7: -1.#IND    -1.#IND
P7: 1.#INF    1.#INF    1.#INF
P8: -1.#IND    -1.#IND
P8: 1.#INF    1.#INF    1.#INF

O1: -1.#IND    -1.#IND
1.#INF    1.#INF    1.#INF
O2: -1.#IND    -1.#IND
1.#INF    1.#INF    1.#INF
P7: -1.#IND    -1.#IND
1.#INF    1.#INF    1.#INF
P8: -1.#IND    -1.#IND
1.#INF    1.#INF    1.#INF

