C:\USERS\WILL\DROPBOX\IPSIHAND\SSVEP PROJECT FOLDER\EEGLOGGER\EEGLOGGERCLEAN\EEGLOGGER\DEBUG\EEGLOGGER.EXE
C:\USERS\WILL\DROPBOX\IPSIHAND\SSVEP PROJECT FOLDER\EEGLOGGER\EEGLOGGERCLEAN\EEGLOGGER\DEBUG\EEGLOGGER.ILK
C:\USERS\WILL\DROPBOX\IPSIHAND\SSVEP PROJECT FOLDER\EEGLOGGER\EEGLOGGERCLEAN\EEGLOGGER\DEBUG\EEGLOGGER.PDB
C:\USERS\WILL\DROPBOX\IPSIHAND\SSVEP PROJECT FOLDER\EEGLOGGER\EEGLOGGERCLEAN\EEGLOGGER\EEGLOGGER\DEBUG\.NETFRAMEWORK,VERSION=V4.0.ASSEMBLYATTRIBUTES.OBJ
C:\USERS\WILL\DROPBOX\IPSIHAND\SSVEP PROJECT FOLDER\EEGLOGGER\EEGLOGGERCLEAN\EEGLOGGER\EEGLOGGER\DEBUG\EEGLOGGER.EXE.INTERMEDIATE.MANIFEST
C:\USERS\WILL\DROPBOX\IPSIHAND\SSVEP PROJECT FOLDER\EEGLOGGER\EEGLOGGERCLEAN\EEGLOGGER\EEGLOGGER\DEBUG\MAIN.OBJ
C:\USERS\WILL\DROPBOX\IPSIHAND\SSVEP PROJECT FOLDER\EEGLOGGER\EEGLOGGERCLEAN\EEGLOGGER\EEGLOGGER\DEBUG\VC100.PDB
C:\USERS\WUSTLBCI\DROPBOX\IPSIHAND\SSVEP PROJECT FOLDER\EEGLOGGER\EEGLOGGERCLEAN\EEGLOGGER\DEBUG\EEGLOGGER.EXE
C:\USERS\WUSTLBCI\DROPBOX\IPSIHAND\SSVEP PROJECT FOLDER\EEGLOGGER\EEGLOGGERCLEAN\EEGLOGGER\DEBUG\EEGLOGGER.ILK
C:\USERS\WUSTLBCI\DROPBOX\IPSIHAND\SSVEP PROJECT FOLDER\EEGLOGGER\EEGLOGGERCLEAN\EEGLOGGER\DEBUG\EEGLOGGER.PDB
C:\USERS\WUSTLBCI\DROPBOX\IPSIHAND\SSVEP PROJECT FOLDER\EEGLOGGER\EEGLOGGERCLEAN\EEGLOGGER\EEGLOGGER\DEBUG\.NETFRAMEWORK,VERSION=V4.0.ASSEMBLYATTRIBUTES.OBJ
C:\Users\wustlbci\Dropbox\IpsiHand\SSVEP Project Folder\EEGLogger\EEGLoggerClean\EEGLogger\EEGLogger\Debug\cl.command.1.tlog
C:\Users\wustlbci\Dropbox\IpsiHand\SSVEP Project Folder\EEGLogger\EEGLoggerClean\EEGLogger\EEGLogger\Debug\CL.read.1.tlog
C:\Users\wustlbci\Dropbox\IpsiHand\SSVEP Project Folder\EEGLogger\EEGLoggerClean\EEGLogger\EEGLogger\Debug\CL.write.1.tlog
C:\USERS\WUSTLBCI\DROPBOX\IPSIHAND\SSVEP PROJECT FOLDER\EEGLOGGER\EEGLOGGERCLEAN\EEGLOGGER\EEGLOGGER\DEBUG\EEGLOGGER.EXE.INTERMEDIATE.MANIFEST
C:\Users\wustlbci\Dropbox\IpsiHand\SSVEP Project Folder\EEGLogger\EEGLoggerClean\EEGLogger\EEGLogger\Debug\EEGLogger.vcxprojResolveAssemblyReference.cache
C:\Users\wustlbci\Dropbox\IpsiHand\SSVEP Project Folder\EEGLogger\EEGLoggerClean\EEGLogger\EEGLogger\Debug\EEGLogger.write.1.tlog
C:\Users\wustlbci\Dropbox\IpsiHand\SSVEP Project Folder\EEGLogger\EEGLoggerClean\EEGLogger\EEGLogger\Debug\link.10504.read.1.tlog
C:\Users\wustlbci\Dropbox\IpsiHand\SSVEP Project Folder\EEGLogger\EEGLoggerClean\EEGLogger\EEGLogger\Debug\link.10504.write.1.tlog
C:\Users\wustlbci\Dropbox\IpsiHand\SSVEP Project Folder\EEGLogger\EEGLoggerClean\EEGLogger\EEGLogger\Debug\link.3004.read.1.tlog
C:\Users\wustlbci\Dropbox\IpsiHand\SSVEP Project Folder\EEGLogger\EEGLoggerClean\EEGLogger\EEGLogger\Debug\link.3004.write.1.tlog
C:\Users\wustlbci\Dropbox\IpsiHand\SSVEP Project Folder\EEGLogger\EEGLoggerClean\EEGLogger\EEGLogger\Debug\link.4088.read.1.tlog
C:\Users\wustlbci\Dropbox\IpsiHand\SSVEP Project Folder\EEGLogger\EEGLoggerClean\EEGLogger\EEGLogger\Debug\link.4088.write.1.tlog
C:\Users\wustlbci\Dropbox\IpsiHand\SSVEP Project Folder\EEGLogger\EEGLoggerClean\EEGLogger\EEGLogger\Debug\link.4912.read.1.tlog
C:\Users\wustlbci\Dropbox\IpsiHand\SSVEP Project Folder\EEGLogger\EEGLoggerClean\EEGLogger\EEGLogger\Debug\link.4912.write.1.tlog
C:\Users\wustlbci\Dropbox\IpsiHand\SSVEP Project Folder\EEGLogger\EEGLoggerClean\EEGLogger\EEGLogger\Debug\link.4948.read.1.tlog
C:\Users\wustlbci\Dropbox\IpsiHand\SSVEP Project Folder\EEGLogger\EEGLoggerClean\EEGLogger\EEGLogger\Debug\link.4948.write.1.tlog
C:\Users\wustlbci\Dropbox\IpsiHand\SSVEP Project Folder\EEGLogger\EEGLoggerClean\EEGLogger\EEGLogger\Debug\link.5636.read.1.tlog
C:\Users\wustlbci\Dropbox\IpsiHand\SSVEP Project Folder\EEGLogger\EEGLoggerClean\EEGLogger\EEGLogger\Debug\link.5636.write.1.tlog
C:\Users\wustlbci\Dropbox\IpsiHand\SSVEP Project Folder\EEGLogger\EEGLoggerClean\EEGLogger\EEGLogger\Debug\link.6404.read.1.tlog
C:\Users\wustlbci\Dropbox\IpsiHand\SSVEP Project Folder\EEGLogger\EEGLoggerClean\EEGLogger\EEGLogger\Debug\link.6404.write.1.tlog
C:\Users\wustlbci\Dropbox\IpsiHand\SSVEP Project Folder\EEGLogger\EEGLoggerClean\EEGLogger\EEGLogger\Debug\link.6568.read.1.tlog
C:\Users\wustlbci\Dropbox\IpsiHand\SSVEP Project Folder\EEGLogger\EEGLoggerClean\EEGLogger\EEGLogger\Debug\link.6568.write.1.tlog
C:\Users\wustlbci\Dropbox\IpsiHand\SSVEP Project Folder\EEGLogger\EEGLoggerClean\EEGLogger\EEGLogger\Debug\link.6772.read.1.tlog
C:\Users\wustlbci\Dropbox\IpsiHand\SSVEP Project Folder\EEGLogger\EEGLoggerClean\EEGLogger\EEGLogger\Debug\link.6772.write.1.tlog
C:\Users\wustlbci\Dropbox\IpsiHand\SSVEP Project Folder\EEGLogger\EEGLoggerClean\EEGLogger\EEGLogger\Debug\link.6784.read.1.tlog
C:\Users\wustlbci\Dropbox\IpsiHand\SSVEP Project Folder\EEGLogger\EEGLoggerClean\EEGLogger\EEGLogger\Debug\link.6784.write.1.tlog
C:\Users\wustlbci\Dropbox\IpsiHand\SSVEP Project Folder\EEGLogger\EEGLoggerClean\EEGLogger\EEGLogger\Debug\link.6808.read.1.tlog
C:\Users\wustlbci\Dropbox\IpsiHand\SSVEP Project Folder\EEGLogger\EEGLoggerClean\EEGLogger\EEGLogger\Debug\link.6808.write.1.tlog
C:\Users\wustlbci\Dropbox\IpsiHand\SSVEP Project Folder\EEGLogger\EEGLoggerClean\EEGLogger\EEGLogger\Debug\link.6860.read.1.tlog
C:\Users\wustlbci\Dropbox\IpsiHand\SSVEP Project Folder\EEGLogger\EEGLoggerClean\EEGLogger\EEGLogger\Debug\link.6860.write.1.tlog
C:\Users\wustlbci\Dropbox\IpsiHand\SSVEP Project Folder\EEGLogger\EEGLoggerClean\EEGLogger\EEGLogger\Debug\link.7140.read.1.tlog
C:\Users\wustlbci\Dropbox\IpsiHand\SSVEP Project Folder\EEGLogger\EEGLoggerClean\EEGLogger\EEGLogger\Debug\link.7140.write.1.tlog
C:\Users\wustlbci\Dropbox\IpsiHand\SSVEP Project Folder\EEGLogger\EEGLoggerClean\EEGLogger\EEGLogger\Debug\link.7144.read.1.tlog
C:\Users\wustlbci\Dropbox\IpsiHand\SSVEP Project Folder\EEGLogger\EEGLoggerClean\EEGLogger\EEGLogger\Debug\link.7144.write.1.tlog
C:\Users\wustlbci\Dropbox\IpsiHand\SSVEP Project Folder\EEGLogger\EEGLoggerClean\EEGLogger\EEGLogger\Debug\link.command.1.tlog
C:\Users\wustlbci\Dropbox\IpsiHand\SSVEP Project Folder\EEGLogger\EEGLoggerClean\EEGLogger\EEGLogger\Debug\link.read.1.tlog
C:\Users\wustlbci\Dropbox\IpsiHand\SSVEP Project Folder\EEGLogger\EEGLoggerClean\EEGLogger\EEGLogger\Debug\link.write.1.tlog
C:\USERS\WUSTLBCI\DROPBOX\IPSIHAND\SSVEP PROJECT FOLDER\EEGLOGGER\EEGLOGGERCLEAN\EEGLOGGER\EEGLOGGER\DEBUG\MAIN.OBJ
C:\Users\wustlbci\Dropbox\IpsiHand\SSVEP Project Folder\EEGLogger\EEGLoggerClean\EEGLogger\EEGLogger\Debug\metagen.read.1.tlog
C:\Users\wustlbci\Dropbox\IpsiHand\SSVEP Project Folder\EEGLogger\EEGLoggerClean\EEGLogger\EEGLogger\Debug\metagen.write.1.tlog
C:\Users\wustlbci\Dropbox\IpsiHand\SSVEP Project Folder\EEGLogger\EEGLoggerClean\EEGLogger\EEGLogger\Debug\mt.command.1.tlog
C:\Users\wustlbci\Dropbox\IpsiHand\SSVEP Project Folder\EEGLogger\EEGLoggerClean\EEGLogger\EEGLogger\Debug\mt.read.1.tlog
C:\Users\wustlbci\Dropbox\IpsiHand\SSVEP Project Folder\EEGLogger\EEGLoggerClean\EEGLogger\EEGLogger\Debug\mt.write.1.tlog
C:\Users\wustlbci\Dropbox\IpsiHand\SSVEP Project Folder\EEGLogger\EEGLoggerClean\EEGLogger\EEGLogger\Debug\vc100.idb
C:\USERS\WUSTLBCI\DROPBOX\IPSIHAND\SSVEP PROJECT FOLDER\EEGLOGGER\EEGLOGGERCLEAN\EEGLOGGER\EEGLOGGER\DEBUG\VC100.PDB
E:\PROGRAMMING\EEGLOGGERCLEAN\EEGLOGGER\DEBUG\EEGLOGGER.EXE
E:\PROGRAMMING\EEGLOGGERCLEAN\EEGLOGGER\DEBUG\EEGLOGGER.ILK
E:\PROGRAMMING\EEGLOGGERCLEAN\EEGLOGGER\DEBUG\EEGLOGGER.PDB
E:\PROGRAMMING\EEGLOGGERCLEAN\EEGLOGGER\EEGLOGGER\DEBUG\EEGLOGGER.EXE.INTERMEDIATE.MANIFEST
E:\PROGRAMMING\EEGLOGGERCLEAN\EEGLOGGER\EEGLOGGER\DEBUG\MAIN.OBJ
E:\PROGRAMMING\EEGLOGGERCLEAN\EEGLOGGER\EEGLOGGER\DEBUG\VC100.PDB
